{"level":"info","message":"Database migrations completed successfully"}
{"level":"info","message":"Server running on port 3000"}
{"level":"info","message":"Environment: development"}
{"level":"info","message":"::1 - - [12/Aug/2025:03:44:16 +0000] \"GET /health HTTP/1.1\" 200 59 \"-\" \"-\"\n"}
{"level":"info","message":"SIGTERM received, shutting down gracefully"}
{"level":"info","message":"HTTP server closed"}
{"level":"error","message":"Database initialization error: Error while executing \"/app/seeds/001_demo_data.js\" seed: delete from \"groups\" - update or delete on table \"groups\" violates foreign key constraint \"investments_group_id_foreign\" on table \"investments\"","original":{"code":"23503","constraint":"investments_group_id_foreign","detail":"Key (id)=(aaaaaaaa-aaaa-aaaa-aaaa-aaaaaaaaaaaa) is still referenced from table \"investments\".","file":"ri_triggers.c","length":335,"line":"2609","name":"error","routine":"ri_ReportViolation","schema":"public","severity":"ERROR","table":"investments"},"stack":"Error: Error while executing \"/app/seeds/001_demo_data.js\" seed: delete from \"groups\" - update or delete on table \"groups\" violates foreign key constraint \"investments_group_id_foreign\" on table \"investments\"\n    at Seeder._waterfallBatch (/app/node_modules/knex/lib/migrations/seed/Seeder.js:118:23)\nerror: delete from \"groups\" - update or delete on table \"groups\" violates foreign key constraint \"investments_group_id_foreign\" on table \"investments\"\n    at Parser.parseErrorMessage (/app/node_modules/pg-protocol/dist/parser.js:285:98)\n    at Parser.handlePacket (/app/node_modules/pg-protocol/dist/parser.js:122:29)\n    at Parser.parse (/app/node_modules/pg-protocol/dist/parser.js:35:38)\n    at Socket.<anonymous> (/app/node_modules/pg-protocol/dist/index.js:11:42)\n    at Socket.emit (node:events:517:28)\n    at Socket.emit (node:domain:489:12)\n    at addChunk (node:internal/streams/readable:368:12)\n    at readableAddChunk (node:internal/streams/readable:341:9)\n    at Readable.push (node:internal/streams/readable:278:10)\n    at TCP.onStreamRead (node:internal/stream_base_commons:190:23)"}
{"level":"error","message":"Database initialization error: Error while executing \"/app/seeds/001_demo_data.js\" seed: delete from \"groups\" - update or delete on table \"groups\" violates foreign key constraint \"investments_group_id_foreign\" on table \"investments\"","original":{"code":"23503","constraint":"investments_group_id_foreign","detail":"Key (id)=(aaaaaaaa-aaaa-aaaa-aaaa-aaaaaaaaaaaa) is still referenced from table \"investments\".","file":"ri_triggers.c","length":335,"line":"2609","name":"error","routine":"ri_ReportViolation","schema":"public","severity":"ERROR","table":"investments"},"stack":"Error: Error while executing \"/app/seeds/001_demo_data.js\" seed: delete from \"groups\" - update or delete on table \"groups\" violates foreign key constraint \"investments_group_id_foreign\" on table \"investments\"\n    at Seeder._waterfallBatch (/app/node_modules/knex/lib/migrations/seed/Seeder.js:118:23)\nerror: delete from \"groups\" - update or delete on table \"groups\" violates foreign key constraint \"investments_group_id_foreign\" on table \"investments\"\n    at Parser.parseErrorMessage (/app/node_modules/pg-protocol/dist/parser.js:285:98)\n    at Parser.handlePacket (/app/node_modules/pg-protocol/dist/parser.js:122:29)\n    at Parser.parse (/app/node_modules/pg-protocol/dist/parser.js:35:38)\n    at Socket.<anonymous> (/app/node_modules/pg-protocol/dist/index.js:11:42)\n    at Socket.emit (node:events:517:28)\n    at Socket.emit (node:domain:489:12)\n    at addChunk (node:internal/streams/readable:368:12)\n    at readableAddChunk (node:internal/streams/readable:341:9)\n    at Readable.push (node:internal/streams/readable:278:10)\n    at TCP.onStreamRead (node:internal/stream_base_commons:190:23)"}
{"level":"error","message":"Database initialization error: Error while executing \"/app/seeds/001_demo_data.js\" seed: delete from \"groups\" - update or delete on table \"groups\" violates foreign key constraint \"investments_group_id_foreign\" on table \"investments\"","original":{"code":"23503","constraint":"investments_group_id_foreign","detail":"Key (id)=(aaaaaaaa-aaaa-aaaa-aaaa-aaaaaaaaaaaa) is still referenced from table \"investments\".","file":"ri_triggers.c","length":335,"line":"2609","name":"error","routine":"ri_ReportViolation","schema":"public","severity":"ERROR","table":"investments"},"stack":"Error: Error while executing \"/app/seeds/001_demo_data.js\" seed: delete from \"groups\" - update or delete on table \"groups\" violates foreign key constraint \"investments_group_id_foreign\" on table \"investments\"\n    at Seeder._waterfallBatch (/app/node_modules/knex/lib/migrations/seed/Seeder.js:118:23)\nerror: delete from \"groups\" - update or delete on table \"groups\" violates foreign key constraint \"investments_group_id_foreign\" on table \"investments\"\n    at Parser.parseErrorMessage (/app/node_modules/pg-protocol/dist/parser.js:285:98)\n    at Parser.handlePacket (/app/node_modules/pg-protocol/dist/parser.js:122:29)\n    at Parser.parse (/app/node_modules/pg-protocol/dist/parser.js:35:38)\n    at Socket.<anonymous> (/app/node_modules/pg-protocol/dist/index.js:11:42)\n    at Socket.emit (node:events:517:28)\n    at Socket.emit (node:domain:489:12)\n    at addChunk (node:internal/streams/readable:368:12)\n    at readableAddChunk (node:internal/streams/readable:341:9)\n    at Readable.push (node:internal/streams/readable:278:10)\n    at TCP.onStreamRead (node:internal/stream_base_commons:190:23)"}
{"level":"error","message":"Database initialization error: Error while executing \"/app/seeds/001_demo_data.js\" seed: delete from \"groups\" - update or delete on table \"groups\" violates foreign key constraint \"investments_group_id_foreign\" on table \"investments\"","original":{"code":"23503","constraint":"investments_group_id_foreign","detail":"Key (id)=(aaaaaaaa-aaaa-aaaa-aaaa-aaaaaaaaaaaa) is still referenced from table \"investments\".","file":"ri_triggers.c","length":335,"line":"2609","name":"error","routine":"ri_ReportViolation","schema":"public","severity":"ERROR","table":"investments"},"stack":"Error: Error while executing \"/app/seeds/001_demo_data.js\" seed: delete from \"groups\" - update or delete on table \"groups\" violates foreign key constraint \"investments_group_id_foreign\" on table \"investments\"\n    at Seeder._waterfallBatch (/app/node_modules/knex/lib/migrations/seed/Seeder.js:118:23)\nerror: delete from \"groups\" - update or delete on table \"groups\" violates foreign key constraint \"investments_group_id_foreign\" on table \"investments\"\n    at Parser.parseErrorMessage (/app/node_modules/pg-protocol/dist/parser.js:285:98)\n    at Parser.handlePacket (/app/node_modules/pg-protocol/dist/parser.js:122:29)\n    at Parser.parse (/app/node_modules/pg-protocol/dist/parser.js:35:38)\n    at Socket.<anonymous> (/app/node_modules/pg-protocol/dist/index.js:11:42)\n    at Socket.emit (node:events:517:28)\n    at Socket.emit (node:domain:489:12)\n    at addChunk (node:internal/streams/readable:368:12)\n    at readableAddChunk (node:internal/streams/readable:341:9)\n    at Readable.push (node:internal/streams/readable:278:10)\n    at TCP.onStreamRead (node:internal/stream_base_commons:190:23)"}
{"level":"error","message":"Database initialization error: Error while executing \"/app/seeds/001_demo_data.js\" seed: delete from \"groups\" - update or delete on table \"groups\" violates foreign key constraint \"investments_group_id_foreign\" on table \"investments\"","original":{"code":"23503","constraint":"investments_group_id_foreign","detail":"Key (id)=(aaaaaaaa-aaaa-aaaa-aaaa-aaaaaaaaaaaa) is still referenced from table \"investments\".","file":"ri_triggers.c","length":335,"line":"2609","name":"error","routine":"ri_ReportViolation","schema":"public","severity":"ERROR","table":"investments"},"stack":"Error: Error while executing \"/app/seeds/001_demo_data.js\" seed: delete from \"groups\" - update or delete on table \"groups\" violates foreign key constraint \"investments_group_id_foreign\" on table \"investments\"\n    at Seeder._waterfallBatch (/app/node_modules/knex/lib/migrations/seed/Seeder.js:118:23)\nerror: delete from \"groups\" - update or delete on table \"groups\" violates foreign key constraint \"investments_group_id_foreign\" on table \"investments\"\n    at Parser.parseErrorMessage (/app/node_modules/pg-protocol/dist/parser.js:285:98)\n    at Parser.handlePacket (/app/node_modules/pg-protocol/dist/parser.js:122:29)\n    at Parser.parse (/app/node_modules/pg-protocol/dist/parser.js:35:38)\n    at Socket.<anonymous> (/app/node_modules/pg-protocol/dist/index.js:11:42)\n    at Socket.emit (node:events:517:28)\n    at Socket.emit (node:domain:489:12)\n    at addChunk (node:internal/streams/readable:368:12)\n    at readableAddChunk (node:internal/streams/readable:341:9)\n    at Readable.push (node:internal/streams/readable:278:10)\n    at TCP.onStreamRead (node:internal/stream_base_commons:190:23)"}
{"level":"error","message":"Database initialization error: Error while executing \"/app/seeds/001_demo_data.js\" seed: delete from \"groups\" - update or delete on table \"groups\" violates foreign key constraint \"investments_group_id_foreign\" on table \"investments\"","original":{"code":"23503","constraint":"investments_group_id_foreign","detail":"Key (id)=(aaaaaaaa-aaaa-aaaa-aaaa-aaaaaaaaaaaa) is still referenced from table \"investments\".","file":"ri_triggers.c","length":335,"line":"2609","name":"error","routine":"ri_ReportViolation","schema":"public","severity":"ERROR","table":"investments"},"stack":"Error: Error while executing \"/app/seeds/001_demo_data.js\" seed: delete from \"groups\" - update or delete on table \"groups\" violates foreign key constraint \"investments_group_id_foreign\" on table \"investments\"\n    at Seeder._waterfallBatch (/app/node_modules/knex/lib/migrations/seed/Seeder.js:118:23)\nerror: delete from \"groups\" - update or delete on table \"groups\" violates foreign key constraint \"investments_group_id_foreign\" on table \"investments\"\n    at Parser.parseErrorMessage (/app/node_modules/pg-protocol/dist/parser.js:285:98)\n    at Parser.handlePacket (/app/node_modules/pg-protocol/dist/parser.js:122:29)\n    at Parser.parse (/app/node_modules/pg-protocol/dist/parser.js:35:38)\n    at Socket.<anonymous> (/app/node_modules/pg-protocol/dist/index.js:11:42)\n    at Socket.emit (node:events:517:28)\n    at Socket.emit (node:domain:489:12)\n    at addChunk (node:internal/streams/readable:368:12)\n    at readableAddChunk (node:internal/streams/readable:341:9)\n    at Readable.push (node:internal/streams/readable:278:10)\n    at TCP.onStreamRead (node:internal/stream_base_commons:190:23)"}
{"level":"error","message":"Database initialization error: Error while executing \"/app/seeds/001_demo_data.js\" seed: delete from \"groups\" - update or delete on table \"groups\" violates foreign key constraint \"investments_group_id_foreign\" on table \"investments\"","original":{"code":"23503","constraint":"investments_group_id_foreign","detail":"Key (id)=(aaaaaaaa-aaaa-aaaa-aaaa-aaaaaaaaaaaa) is still referenced from table \"investments\".","file":"ri_triggers.c","length":335,"line":"2609","name":"error","routine":"ri_ReportViolation","schema":"public","severity":"ERROR","table":"investments"},"stack":"Error: Error while executing \"/app/seeds/001_demo_data.js\" seed: delete from \"groups\" - update or delete on table \"groups\" violates foreign key constraint \"investments_group_id_foreign\" on table \"investments\"\n    at Seeder._waterfallBatch (/app/node_modules/knex/lib/migrations/seed/Seeder.js:118:23)\nerror: delete from \"groups\" - update or delete on table \"groups\" violates foreign key constraint \"investments_group_id_foreign\" on table \"investments\"\n    at Parser.parseErrorMessage (/app/node_modules/pg-protocol/dist/parser.js:285:98)\n    at Parser.handlePacket (/app/node_modules/pg-protocol/dist/parser.js:122:29)\n    at Parser.parse (/app/node_modules/pg-protocol/dist/parser.js:35:38)\n    at Socket.<anonymous> (/app/node_modules/pg-protocol/dist/index.js:11:42)\n    at Socket.emit (node:events:517:28)\n    at Socket.emit (node:domain:489:12)\n    at addChunk (node:internal/streams/readable:368:12)\n    at readableAddChunk (node:internal/streams/readable:341:9)\n    at Readable.push (node:internal/streams/readable:278:10)\n    at TCP.onStreamRead (node:internal/stream_base_commons:190:23)"}
{"level":"error","message":"Database initialization error: Error while executing \"/app/seeds/001_demo_data.js\" seed: delete from \"groups\" - update or delete on table \"groups\" violates foreign key constraint \"investments_group_id_foreign\" on table \"investments\"","original":{"code":"23503","constraint":"investments_group_id_foreign","detail":"Key (id)=(aaaaaaaa-aaaa-aaaa-aaaa-aaaaaaaaaaaa) is still referenced from table \"investments\".","file":"ri_triggers.c","length":335,"line":"2609","name":"error","routine":"ri_ReportViolation","schema":"public","severity":"ERROR","table":"investments"},"stack":"Error: Error while executing \"/app/seeds/001_demo_data.js\" seed: delete from \"groups\" - update or delete on table \"groups\" violates foreign key constraint \"investments_group_id_foreign\" on table \"investments\"\n    at Seeder._waterfallBatch (/app/node_modules/knex/lib/migrations/seed/Seeder.js:118:23)\nerror: delete from \"groups\" - update or delete on table \"groups\" violates foreign key constraint \"investments_group_id_foreign\" on table \"investments\"\n    at Parser.parseErrorMessage (/app/node_modules/pg-protocol/dist/parser.js:285:98)\n    at Parser.handlePacket (/app/node_modules/pg-protocol/dist/parser.js:122:29)\n    at Parser.parse (/app/node_modules/pg-protocol/dist/parser.js:35:38)\n    at Socket.<anonymous> (/app/node_modules/pg-protocol/dist/index.js:11:42)\n    at Socket.emit (node:events:517:28)\n    at Socket.emit (node:domain:489:12)\n    at addChunk (node:internal/streams/readable:368:12)\n    at readableAddChunk (node:internal/streams/readable:341:9)\n    at Readable.push (node:internal/streams/readable:278:10)\n    at TCP.onStreamRead (node:internal/stream_base_commons:190:23)"}
{"level":"info","message":"Database migrations completed successfully"}
{"level":"info","message":"Server running on port 3000"}
{"level":"info","message":"Environment: development"}
{"level":"info","message":"::1 - - [12/Aug/2025:03:45:21 +0000] \"GET /health HTTP/1.1\" 200 59 \"-\" \"-\"\n"}
{"level":"info","message":"SIGTERM received, shutting down gracefully"}
{"level":"info","message":"HTTP server closed"}
{"level":"info","message":"Database migrations completed successfully"}
{"level":"info","message":"Server running on port 3000"}
{"level":"info","message":"Environment: development"}
{"level":"info","message":"::1 - - [12/Aug/2025:03:45:27 +0000] \"GET /health HTTP/1.1\" 200 59 \"-\" \"-\"\n"}
{"level":"info","message":"::1 - - [12/Aug/2025:03:45:58 +0000] \"GET /health HTTP/1.1\" 200 59 \"-\" \"-\"\n"}
{"level":"info","message":"SIGTERM received, shutting down gracefully"}
{"level":"info","message":"HTTP server closed"}
{"level":"info","message":"Database migrations completed successfully"}
{"level":"info","message":"Server running on port 3000"}
{"level":"info","message":"Environment: development"}
{"level":"info","message":"::1 - - [12/Aug/2025:03:46:26 +0000] \"GET /health HTTP/1.1\" 200 59 \"-\" \"-\"\n"}
{"level":"info","message":"::1 - - [12/Aug/2025:03:46:56 +0000] \"GET /health HTTP/1.1\" 200 59 \"-\" \"-\"\n"}
{"level":"info","message":"::ffff:172.18.0.1 - - [12/Aug/2025:03:47:03 +0000] \"GET /health HTTP/1.1\" 200 59 \"-\" \"Mozilla/5.0 (Windows NT; Windows NT 10.0; en-US) WindowsPowerShell/5.1.26100.4652\"\n"}
{"level":"info","message":"::1 - - [12/Aug/2025:03:47:27 +0000] \"GET /health HTTP/1.1\" 200 59 \"-\" \"-\"\n"}
{"level":"info","message":"::ffff:172.18.0.7 - - [12/Aug/2025:03:47:31 +0000] \"GET /health HTTP/1.1\" 200 59 \"-\" \"Wget\"\n"}
{"level":"info","message":"::ffff:172.18.0.7 - - [12/Aug/2025:03:47:51 +0000] \"GET /health HTTP/1.1\" 200 59 \"-\" \"Mozilla/5.0 (Windows NT; Windows NT 10.0; en-US) WindowsPowerShell/5.1.26100.4652\"\n"}
{"level":"info","message":"::1 - - [12/Aug/2025:03:47:57 +0000] \"GET /health HTTP/1.1\" 200 59 \"-\" \"-\"\n"}
{"level":"info","message":"::1 - - [12/Aug/2025:03:48:27 +0000] \"GET /health HTTP/1.1\" 200 59 \"-\" \"-\"\n"}
{"level":"info","message":"::1 - - [12/Aug/2025:03:48:58 +0000] \"GET /health HTTP/1.1\" 200 59 \"-\" \"-\"\n"}
{"level":"info","message":"::1 - - [12/Aug/2025:03:49:28 +0000] \"GET /health HTTP/1.1\" 200 59 \"-\" \"-\"\n"}
{"level":"info","message":"::1 - - [12/Aug/2025:03:49:58 +0000] \"GET /health HTTP/1.1\" 200 59 \"-\" \"-\"\n"}
{"level":"info","message":"::1 - - [12/Aug/2025:03:50:28 +0000] \"GET /health HTTP/1.1\" 200 59 \"-\" \"-\"\n"}
{"level":"info","message":"::1 - - [12/Aug/2025:03:56:36 +0000] \"GET /health HTTP/1.1\" 200 59 \"-\" \"-\"\n"}
{"level":"info","message":"::1 - - [12/Aug/2025:04:21:26 +0000] \"GET /health HTTP/1.1\" 200 59 \"-\" \"-\"\n"}
{"level":"info","message":"::1 - - [12/Aug/2025:04:21:57 +0000] \"GET /health HTTP/1.1\" 200 59 \"-\" \"-\"\n"}
{"level":"info","message":"::1 - - [12/Aug/2025:04:22:27 +0000] \"GET /health HTTP/1.1\" 200 59 \"-\" \"-\"\n"}
{"level":"info","message":"::1 - - [12/Aug/2025:04:22:57 +0000] \"GET /health HTTP/1.1\" 200 59 \"-\" \"-\"\n"}
{"level":"info","message":"::1 - - [12/Aug/2025:08:23:54 +0000] \"GET /health HTTP/1.1\" 200 59 \"-\" \"-\"\n"}
{"level":"info","message":"::1 - - [12/Aug/2025:08:24:25 +0000] \"GET /health HTTP/1.1\" 200 59 \"-\" \"-\"\n"}
{"level":"info","message":"::1 - - [12/Aug/2025:08:24:55 +0000] \"GET /health HTTP/1.1\" 200 59 \"-\" \"-\"\n"}
{"level":"info","message":"::1 - - [12/Aug/2025:08:25:25 +0000] \"GET /health HTTP/1.1\" 200 59 \"-\" \"-\"\n"}
{"level":"info","message":"::1 - - [12/Aug/2025:08:25:56 +0000] \"GET /health HTTP/1.1\" 200 59 \"-\" \"-\"\n"}
{"level":"info","message":"::1 - - [12/Aug/2025:08:26:26 +0000] \"GET /health HTTP/1.1\" 200 59 \"-\" \"-\"\n"}
{"level":"info","message":"::1 - - [12/Aug/2025:08:26:56 +0000] \"GET /health HTTP/1.1\" 200 59 \"-\" \"-\"\n"}
{"level":"info","message":"::1 - - [12/Aug/2025:08:27:26 +0000] \"GET /health HTTP/1.1\" 200 59 \"-\" \"-\"\n"}
{"level":"info","message":"::1 - - [12/Aug/2025:08:27:56 +0000] \"GET /health HTTP/1.1\" 200 59 \"-\" \"-\"\n"}
{"level":"info","message":"::1 - - [12/Aug/2025:08:28:27 +0000] \"GET /health HTTP/1.1\" 200 59 \"-\" \"-\"\n"}
{"level":"info","message":"::1 - - [12/Aug/2025:08:28:57 +0000] \"GET /health HTTP/1.1\" 200 59 \"-\" \"-\"\n"}
{"level":"info","message":"::1 - - [12/Aug/2025:08:29:27 +0000] \"GET /health HTTP/1.1\" 200 59 \"-\" \"-\"\n"}
{"level":"info","message":"::1 - - [12/Aug/2025:08:29:58 +0000] \"GET /health HTTP/1.1\" 200 59 \"-\" \"-\"\n"}
{"level":"info","message":"::1 - - [12/Aug/2025:08:30:28 +0000] \"GET /health HTTP/1.1\" 200 59 \"-\" \"-\"\n"}
{"level":"info","message":"::1 - - [12/Aug/2025:08:30:58 +0000] \"GET /health HTTP/1.1\" 200 59 \"-\" \"-\"\n"}
{"level":"info","message":"::1 - - [12/Aug/2025:08:31:29 +0000] \"GET /health HTTP/1.1\" 200 59 \"-\" \"-\"\n"}
{"level":"info","message":"::1 - - [12/Aug/2025:08:31:59 +0000] \"GET /health HTTP/1.1\" 200 59 \"-\" \"-\"\n"}
{"level":"info","message":"::1 - - [12/Aug/2025:08:32:29 +0000] \"GET /health HTTP/1.1\" 200 59 \"-\" \"-\"\n"}
{"level":"info","message":"::1 - - [12/Aug/2025:08:32:59 +0000] \"GET /health HTTP/1.1\" 200 59 \"-\" \"-\"\n"}
{"level":"info","message":"::1 - - [12/Aug/2025:08:33:30 +0000] \"GET /health HTTP/1.1\" 200 59 \"-\" \"-\"\n"}
{"level":"info","message":"::1 - - [12/Aug/2025:08:34:00 +0000] \"GET /health HTTP/1.1\" 200 59 \"-\" \"-\"\n"}
{"level":"info","message":"::1 - - [12/Aug/2025:08:34:30 +0000] \"GET /health HTTP/1.1\" 200 59 \"-\" \"-\"\n"}
{"level":"info","message":"::1 - - [12/Aug/2025:08:35:00 +0000] \"GET /health HTTP/1.1\" 200 59 \"-\" \"-\"\n"}
{"level":"info","message":"::1 - - [12/Aug/2025:08:35:30 +0000] \"GET /health HTTP/1.1\" 200 59 \"-\" \"-\"\n"}
{"level":"info","message":"::1 - - [12/Aug/2025:08:36:01 +0000] \"GET /health HTTP/1.1\" 200 59 \"-\" \"-\"\n"}
{"level":"info","message":"::1 - - [12/Aug/2025:08:36:31 +0000] \"GET /health HTTP/1.1\" 200 59 \"-\" \"-\"\n"}
{"level":"info","message":"::1 - - [12/Aug/2025:08:37:01 +0000] \"GET /health HTTP/1.1\" 200 59 \"-\" \"-\"\n"}
{"level":"info","message":"::1 - - [12/Aug/2025:08:37:31 +0000] \"GET /health HTTP/1.1\" 200 59 \"-\" \"-\"\n"}
{"level":"info","message":"::1 - - [12/Aug/2025:08:38:01 +0000] \"GET /health HTTP/1.1\" 200 59 \"-\" \"-\"\n"}
{"level":"info","message":"::1 - - [12/Aug/2025:08:38:32 +0000] \"GET /health HTTP/1.1\" 200 59 \"-\" \"-\"\n"}
{"level":"info","message":"::1 - - [12/Aug/2025:08:39:02 +0000] \"GET /health HTTP/1.1\" 200 59 \"-\" \"-\"\n"}
{"level":"info","message":"::1 - - [12/Aug/2025:08:39:32 +0000] \"GET /health HTTP/1.1\" 200 59 \"-\" \"-\"\n"}
{"level":"info","message":"::1 - - [12/Aug/2025:08:40:02 +0000] \"GET /health HTTP/1.1\" 200 59 \"-\" \"-\"\n"}
{"level":"info","message":"::1 - - [12/Aug/2025:08:40:32 +0000] \"GET /health HTTP/1.1\" 200 59 \"-\" \"-\"\n"}
{"level":"info","message":"::1 - - [12/Aug/2025:08:41:03 +0000] \"GET /health HTTP/1.1\" 200 59 \"-\" \"-\"\n"}
{"level":"info","message":"::1 - - [12/Aug/2025:08:41:33 +0000] \"GET /health HTTP/1.1\" 200 59 \"-\" \"-\"\n"}
{"level":"info","message":"::1 - - [12/Aug/2025:08:42:03 +0000] \"GET /health HTTP/1.1\" 200 59 \"-\" \"-\"\n"}
{"level":"info","message":"::1 - - [12/Aug/2025:08:42:33 +0000] \"GET /health HTTP/1.1\" 200 59 \"-\" \"-\"\n"}
{"level":"info","message":"::1 - - [12/Aug/2025:08:43:04 +0000] \"GET /health HTTP/1.1\" 200 59 \"-\" \"-\"\n"}
{"level":"info","message":"::1 - - [12/Aug/2025:08:43:34 +0000] \"GET /health HTTP/1.1\" 200 59 \"-\" \"-\"\n"}
{"level":"info","message":"::1 - - [12/Aug/2025:08:44:04 +0000] \"GET /health HTTP/1.1\" 200 59 \"-\" \"-\"\n"}
{"level":"info","message":"::1 - - [12/Aug/2025:08:44:34 +0000] \"GET /health HTTP/1.1\" 200 59 \"-\" \"-\"\n"}
{"level":"info","message":"::1 - - [12/Aug/2025:08:45:04 +0000] \"GET /health HTTP/1.1\" 200 59 \"-\" \"-\"\n"}
{"level":"info","message":"::1 - - [12/Aug/2025:08:45:35 +0000] \"GET /health HTTP/1.1\" 200 59 \"-\" \"-\"\n"}
{"level":"info","message":"::1 - - [12/Aug/2025:08:46:05 +0000] \"GET /health HTTP/1.1\" 200 59 \"-\" \"-\"\n"}
{"level":"info","message":"::1 - - [12/Aug/2025:08:46:35 +0000] \"GET /health HTTP/1.1\" 200 59 \"-\" \"-\"\n"}
{"level":"info","message":"::1 - - [12/Aug/2025:08:47:05 +0000] \"GET /health HTTP/1.1\" 200 59 \"-\" \"-\"\n"}
{"level":"info","message":"::1 - - [12/Aug/2025:08:47:36 +0000] \"GET /health HTTP/1.1\" 200 59 \"-\" \"-\"\n"}
{"level":"info","message":"::1 - - [12/Aug/2025:08:48:06 +0000] \"GET /health HTTP/1.1\" 200 59 \"-\" \"-\"\n"}
{"level":"info","message":"::1 - - [12/Aug/2025:08:48:36 +0000] \"GET /health HTTP/1.1\" 200 59 \"-\" \"-\"\n"}
{"level":"info","message":"::1 - - [12/Aug/2025:08:49:06 +0000] \"GET /health HTTP/1.1\" 200 59 \"-\" \"-\"\n"}
{"level":"info","message":"::1 - - [12/Aug/2025:08:49:36 +0000] \"GET /health HTTP/1.1\" 200 59 \"-\" \"-\"\n"}
{"level":"info","message":"::1 - - [12/Aug/2025:08:50:07 +0000] \"GET /health HTTP/1.1\" 200 59 \"-\" \"-\"\n"}
{"level":"info","message":"::1 - - [12/Aug/2025:08:50:37 +0000] \"GET /health HTTP/1.1\" 200 59 \"-\" \"-\"\n"}
{"level":"info","message":"::1 - - [12/Aug/2025:08:51:07 +0000] \"GET /health HTTP/1.1\" 200 59 \"-\" \"-\"\n"}
{"level":"info","message":"::1 - - [12/Aug/2025:08:51:37 +0000] \"GET /health HTTP/1.1\" 200 59 \"-\" \"-\"\n"}
{"level":"info","message":"::1 - - [12/Aug/2025:08:52:07 +0000] \"GET /health HTTP/1.1\" 200 59 \"-\" \"-\"\n"}
{"level":"info","message":"::1 - - [12/Aug/2025:08:52:38 +0000] \"GET /health HTTP/1.1\" 200 59 \"-\" \"-\"\n"}
{"level":"info","message":"::1 - - [12/Aug/2025:08:53:08 +0000] \"GET /health HTTP/1.1\" 200 59 \"-\" \"-\"\n"}
{"level":"info","message":"::1 - - [12/Aug/2025:08:53:38 +0000] \"GET /health HTTP/1.1\" 200 59 \"-\" \"-\"\n"}
{"level":"info","message":"::1 - - [12/Aug/2025:08:54:08 +0000] \"GET /health HTTP/1.1\" 200 59 \"-\" \"-\"\n"}
{"level":"info","message":"::1 - - [12/Aug/2025:08:54:38 +0000] \"GET /health HTTP/1.1\" 200 59 \"-\" \"-\"\n"}
{"level":"info","message":"::1 - - [12/Aug/2025:08:55:09 +0000] \"GET /health HTTP/1.1\" 200 59 \"-\" \"-\"\n"}
{"level":"info","message":"::1 - - [12/Aug/2025:08:55:39 +0000] \"GET /health HTTP/1.1\" 200 59 \"-\" \"-\"\n"}
{"level":"info","message":"::1 - - [12/Aug/2025:08:56:09 +0000] \"GET /health HTTP/1.1\" 200 59 \"-\" \"-\"\n"}
{"level":"info","message":"::1 - - [12/Aug/2025:08:56:39 +0000] \"GET /health HTTP/1.1\" 200 59 \"-\" \"-\"\n"}
{"level":"info","message":"::1 - - [12/Aug/2025:08:57:09 +0000] \"GET /health HTTP/1.1\" 200 59 \"-\" \"-\"\n"}
{"level":"info","message":"::1 - - [12/Aug/2025:08:57:40 +0000] \"GET /health HTTP/1.1\" 200 59 \"-\" \"-\"\n"}
{"level":"info","message":"::1 - - [12/Aug/2025:08:58:10 +0000] \"GET /health HTTP/1.1\" 200 59 \"-\" \"-\"\n"}
{"level":"info","message":"::1 - - [12/Aug/2025:08:58:40 +0000] \"GET /health HTTP/1.1\" 200 59 \"-\" \"-\"\n"}
{"level":"info","message":"::1 - - [12/Aug/2025:08:59:10 +0000] \"GET /health HTTP/1.1\" 200 59 \"-\" \"-\"\n"}
{"level":"info","message":"::1 - - [12/Aug/2025:08:59:41 +0000] \"GET /health HTTP/1.1\" 200 59 \"-\" \"-\"\n"}
{"level":"info","message":"::1 - - [12/Aug/2025:09:00:11 +0000] \"GET /health HTTP/1.1\" 200 59 \"-\" \"-\"\n"}
{"level":"info","message":"::1 - - [12/Aug/2025:09:00:41 +0000] \"GET /health HTTP/1.1\" 200 59 \"-\" \"-\"\n"}
{"level":"info","message":"::1 - - [12/Aug/2025:09:01:11 +0000] \"GET /health HTTP/1.1\" 200 59 \"-\" \"-\"\n"}
{"level":"info","message":"::1 - - [12/Aug/2025:09:01:41 +0000] \"GET /health HTTP/1.1\" 200 59 \"-\" \"-\"\n"}
{"level":"info","message":"::1 - - [12/Aug/2025:09:02:12 +0000] \"GET /health HTTP/1.1\" 200 59 \"-\" \"-\"\n"}
{"level":"info","message":"::1 - - [12/Aug/2025:09:02:42 +0000] \"GET /health HTTP/1.1\" 200 59 \"-\" \"-\"\n"}
{"level":"info","message":"::1 - - [12/Aug/2025:09:03:13 +0000] \"GET /health HTTP/1.1\" 200 59 \"-\" \"-\"\n"}
{"level":"info","message":"::1 - - [12/Aug/2025:09:03:43 +0000] \"GET /health HTTP/1.1\" 200 59 \"-\" \"-\"\n"}
{"level":"info","message":"::1 - - [12/Aug/2025:09:04:13 +0000] \"GET /health HTTP/1.1\" 200 59 \"-\" \"-\"\n"}
{"level":"info","message":"::1 - - [12/Aug/2025:09:04:44 +0000] \"GET /health HTTP/1.1\" 200 59 \"-\" \"-\"\n"}
{"level":"info","message":"::1 - - [12/Aug/2025:09:05:15 +0000] \"GET /health HTTP/1.1\" 200 59 \"-\" \"-\"\n"}
{"level":"info","message":"::1 - - [12/Aug/2025:09:05:45 +0000] \"GET /health HTTP/1.1\" 200 59 \"-\" \"-\"\n"}
{"level":"info","message":"::1 - - [12/Aug/2025:09:06:16 +0000] \"GET /health HTTP/1.1\" 200 59 \"-\" \"-\"\n"}
{"level":"info","message":"::1 - - [12/Aug/2025:09:06:46 +0000] \"GET /health HTTP/1.1\" 200 59 \"-\" \"-\"\n"}
{"level":"info","message":"::1 - - [12/Aug/2025:09:07:16 +0000] \"GET /health HTTP/1.1\" 200 59 \"-\" \"-\"\n"}
{"level":"info","message":"::1 - - [12/Aug/2025:09:07:47 +0000] \"GET /health HTTP/1.1\" 200 59 \"-\" \"-\"\n"}
{"level":"info","message":"::1 - - [12/Aug/2025:09:08:17 +0000] \"GET /health HTTP/1.1\" 200 59 \"-\" \"-\"\n"}
{"level":"info","message":"::1 - - [12/Aug/2025:09:08:47 +0000] \"GET /health HTTP/1.1\" 200 59 \"-\" \"-\"\n"}
{"level":"info","message":"::1 - - [12/Aug/2025:09:09:18 +0000] \"GET /health HTTP/1.1\" 200 59 \"-\" \"-\"\n"}
{"level":"info","message":"::1 - - [12/Aug/2025:09:09:48 +0000] \"GET /health HTTP/1.1\" 200 59 \"-\" \"-\"\n"}
{"level":"info","message":"::1 - - [12/Aug/2025:09:10:18 +0000] \"GET /health HTTP/1.1\" 200 59 \"-\" \"-\"\n"}
{"level":"info","message":"::1 - - [12/Aug/2025:09:10:49 +0000] \"GET /health HTTP/1.1\" 200 59 \"-\" \"-\"\n"}
{"level":"info","message":"::1 - - [12/Aug/2025:09:11:19 +0000] \"GET /health HTTP/1.1\" 200 59 \"-\" \"-\"\n"}
{"level":"info","message":"::1 - - [12/Aug/2025:09:11:50 +0000] \"GET /health HTTP/1.1\" 200 59 \"-\" \"-\"\n"}
{"level":"info","message":"::1 - - [12/Aug/2025:09:12:20 +0000] \"GET /health HTTP/1.1\" 200 59 \"-\" \"-\"\n"}
{"level":"info","message":"::1 - - [12/Aug/2025:09:12:50 +0000] \"GET /health HTTP/1.1\" 200 59 \"-\" \"-\"\n"}
{"level":"info","message":"::1 - - [12/Aug/2025:09:13:21 +0000] \"GET /health HTTP/1.1\" 200 59 \"-\" \"-\"\n"}
{"level":"info","message":"::1 - - [12/Aug/2025:09:13:51 +0000] \"GET /health HTTP/1.1\" 200 59 \"-\" \"-\"\n"}
{"level":"info","message":"::1 - - [12/Aug/2025:09:14:22 +0000] \"GET /health HTTP/1.1\" 200 59 \"-\" \"-\"\n"}
{"level":"info","message":"::1 - - [12/Aug/2025:09:14:52 +0000] \"GET /health HTTP/1.1\" 200 59 \"-\" \"-\"\n"}
{"level":"info","message":"::1 - - [12/Aug/2025:09:15:23 +0000] \"GET /health HTTP/1.1\" 200 59 \"-\" \"-\"\n"}
{"level":"info","message":"::1 - - [12/Aug/2025:09:15:53 +0000] \"GET /health HTTP/1.1\" 200 59 \"-\" \"-\"\n"}
{"level":"info","message":"::1 - - [12/Aug/2025:09:16:24 +0000] \"GET /health HTTP/1.1\" 200 59 \"-\" \"-\"\n"}
{"level":"info","message":"::1 - - [12/Aug/2025:09:16:56 +0000] \"GET /health HTTP/1.1\" 200 59 \"-\" \"-\"\n"}
{"level":"info","message":"::1 - - [12/Aug/2025:09:17:27 +0000] \"GET /health HTTP/1.1\" 200 59 \"-\" \"-\"\n"}
{"level":"info","message":"::1 - - [12/Aug/2025:09:17:58 +0000] \"GET /health HTTP/1.1\" 200 59 \"-\" \"-\"\n"}
{"level":"info","message":"::1 - - [12/Aug/2025:09:18:28 +0000] \"GET /health HTTP/1.1\" 200 59 \"-\" \"-\"\n"}
{"level":"info","message":"::1 - - [12/Aug/2025:09:18:58 +0000] \"GET /health HTTP/1.1\" 200 59 \"-\" \"-\"\n"}
{"level":"info","message":"::1 - - [12/Aug/2025:09:19:29 +0000] \"GET /health HTTP/1.1\" 200 59 \"-\" \"-\"\n"}
{"level":"info","message":"::1 - - [12/Aug/2025:09:19:59 +0000] \"GET /health HTTP/1.1\" 200 59 \"-\" \"-\"\n"}
{"level":"info","message":"::1 - - [12/Aug/2025:09:20:29 +0000] \"GET /health HTTP/1.1\" 200 59 \"-\" \"-\"\n"}
{"level":"info","message":"::1 - - [12/Aug/2025:09:20:59 +0000] \"GET /health HTTP/1.1\" 200 59 \"-\" \"-\"\n"}
{"level":"info","message":"::1 - - [12/Aug/2025:09:21:29 +0000] \"GET /health HTTP/1.1\" 200 59 \"-\" \"-\"\n"}
{"level":"info","message":"::1 - - [12/Aug/2025:09:22:00 +0000] \"GET /health HTTP/1.1\" 200 59 \"-\" \"-\"\n"}
{"level":"info","message":"::1 - - [12/Aug/2025:09:22:30 +0000] \"GET /health HTTP/1.1\" 200 59 \"-\" \"-\"\n"}
{"level":"info","message":"::1 - - [12/Aug/2025:09:23:00 +0000] \"GET /health HTTP/1.1\" 200 59 \"-\" \"-\"\n"}
{"level":"info","message":"::1 - - [12/Aug/2025:09:23:30 +0000] \"GET /health HTTP/1.1\" 200 59 \"-\" \"-\"\n"}
{"level":"info","message":"::1 - - [12/Aug/2025:09:24:00 +0000] \"GET /health HTTP/1.1\" 200 59 \"-\" \"-\"\n"}
{"level":"info","message":"::1 - - [12/Aug/2025:09:24:30 +0000] \"GET /health HTTP/1.1\" 200 59 \"-\" \"-\"\n"}
{"level":"info","message":"::1 - - [12/Aug/2025:09:25:01 +0000] \"GET /health HTTP/1.1\" 200 59 \"-\" \"-\"\n"}
{"level":"info","message":"::1 - - [12/Aug/2025:09:25:31 +0000] \"GET /health HTTP/1.1\" 200 59 \"-\" \"-\"\n"}
{"level":"info","message":"::1 - - [12/Aug/2025:09:26:01 +0000] \"GET /health HTTP/1.1\" 200 59 \"-\" \"-\"\n"}
{"level":"info","message":"::1 - - [12/Aug/2025:09:26:31 +0000] \"GET /health HTTP/1.1\" 200 59 \"-\" \"-\"\n"}
{"level":"info","message":"::1 - - [12/Aug/2025:09:27:01 +0000] \"GET /health HTTP/1.1\" 200 59 \"-\" \"-\"\n"}
{"level":"info","message":"::1 - - [12/Aug/2025:09:27:31 +0000] \"GET /health HTTP/1.1\" 200 59 \"-\" \"-\"\n"}
{"level":"info","message":"::1 - - [12/Aug/2025:09:28:01 +0000] \"GET /health HTTP/1.1\" 200 59 \"-\" \"-\"\n"}
{"level":"info","message":"::1 - - [12/Aug/2025:09:28:32 +0000] \"GET /health HTTP/1.1\" 200 59 \"-\" \"-\"\n"}
{"level":"info","message":"::1 - - [12/Aug/2025:09:29:02 +0000] \"GET /health HTTP/1.1\" 200 59 \"-\" \"-\"\n"}
{"level":"info","message":"::1 - - [12/Aug/2025:09:29:32 +0000] \"GET /health HTTP/1.1\" 200 59 \"-\" \"-\"\n"}
{"level":"info","message":"::1 - - [12/Aug/2025:09:30:02 +0000] \"GET /health HTTP/1.1\" 200 59 \"-\" \"-\"\n"}
{"level":"info","message":"::1 - - [12/Aug/2025:09:30:32 +0000] \"GET /health HTTP/1.1\" 200 59 \"-\" \"-\"\n"}
{"level":"info","message":"::1 - - [12/Aug/2025:09:31:02 +0000] \"GET /health HTTP/1.1\" 200 59 \"-\" \"-\"\n"}
{"level":"info","message":"::1 - - [12/Aug/2025:09:31:32 +0000] \"GET /health HTTP/1.1\" 200 59 \"-\" \"-\"\n"}
{"level":"info","message":"::1 - - [12/Aug/2025:09:32:02 +0000] \"GET /health HTTP/1.1\" 200 59 \"-\" \"-\"\n"}
{"level":"info","message":"::1 - - [12/Aug/2025:09:32:33 +0000] \"GET /health HTTP/1.1\" 200 59 \"-\" \"-\"\n"}
{"level":"info","message":"::1 - - [12/Aug/2025:09:33:03 +0000] \"GET /health HTTP/1.1\" 200 59 \"-\" \"-\"\n"}
{"level":"info","message":"::1 - - [12/Aug/2025:09:33:33 +0000] \"GET /health HTTP/1.1\" 200 59 \"-\" \"-\"\n"}
{"level":"info","message":"::1 - - [12/Aug/2025:09:34:03 +0000] \"GET /health HTTP/1.1\" 200 59 \"-\" \"-\"\n"}
{"level":"info","message":"::1 - - [12/Aug/2025:09:34:33 +0000] \"GET /health HTTP/1.1\" 200 59 \"-\" \"-\"\n"}
{"level":"info","message":"::1 - - [12/Aug/2025:09:35:03 +0000] \"GET /health HTTP/1.1\" 200 59 \"-\" \"-\"\n"}
{"level":"info","message":"::1 - - [12/Aug/2025:09:35:33 +0000] \"GET /health HTTP/1.1\" 200 59 \"-\" \"-\"\n"}
{"level":"info","message":"::1 - - [12/Aug/2025:09:36:04 +0000] \"GET /health HTTP/1.1\" 200 59 \"-\" \"-\"\n"}
{"level":"info","message":"::1 - - [12/Aug/2025:09:36:34 +0000] \"GET /health HTTP/1.1\" 200 59 \"-\" \"-\"\n"}
{"level":"info","message":"::1 - - [12/Aug/2025:09:37:04 +0000] \"GET /health HTTP/1.1\" 200 59 \"-\" \"-\"\n"}
{"level":"info","message":"::1 - - [12/Aug/2025:09:37:34 +0000] \"GET /health HTTP/1.1\" 200 59 \"-\" \"-\"\n"}
{"level":"info","message":"::1 - - [12/Aug/2025:09:38:04 +0000] \"GET /health HTTP/1.1\" 200 59 \"-\" \"-\"\n"}
{"level":"info","message":"::1 - - [12/Aug/2025:09:38:34 +0000] \"GET /health HTTP/1.1\" 200 59 \"-\" \"-\"\n"}
{"level":"info","message":"::1 - - [12/Aug/2025:09:39:04 +0000] \"GET /health HTTP/1.1\" 200 59 \"-\" \"-\"\n"}
{"level":"info","message":"::1 - - [12/Aug/2025:09:39:34 +0000] \"GET /health HTTP/1.1\" 200 59 \"-\" \"-\"\n"}
{"level":"info","message":"::1 - - [12/Aug/2025:09:40:05 +0000] \"GET /health HTTP/1.1\" 200 59 \"-\" \"-\"\n"}
{"level":"info","message":"::1 - - [12/Aug/2025:09:40:35 +0000] \"GET /health HTTP/1.1\" 200 59 \"-\" \"-\"\n"}
{"level":"info","message":"::1 - - [12/Aug/2025:09:41:05 +0000] \"GET /health HTTP/1.1\" 200 59 \"-\" \"-\"\n"}
{"level":"info","message":"::1 - - [12/Aug/2025:09:41:35 +0000] \"GET /health HTTP/1.1\" 200 59 \"-\" \"-\"\n"}
{"level":"info","message":"::1 - - [12/Aug/2025:09:42:05 +0000] \"GET /health HTTP/1.1\" 200 59 \"-\" \"-\"\n"}
{"level":"info","message":"::1 - - [12/Aug/2025:09:42:35 +0000] \"GET /health HTTP/1.1\" 200 59 \"-\" \"-\"\n"}
{"level":"info","message":"::1 - - [12/Aug/2025:09:43:05 +0000] \"GET /health HTTP/1.1\" 200 59 \"-\" \"-\"\n"}
{"level":"info","message":"::1 - - [12/Aug/2025:09:43:35 +0000] \"GET /health HTTP/1.1\" 200 59 \"-\" \"-\"\n"}
{"level":"info","message":"::1 - - [12/Aug/2025:09:44:05 +0000] \"GET /health HTTP/1.1\" 200 59 \"-\" \"-\"\n"}
{"level":"info","message":"::1 - - [12/Aug/2025:09:44:36 +0000] \"GET /health HTTP/1.1\" 200 59 \"-\" \"-\"\n"}
{"level":"info","message":"::1 - - [12/Aug/2025:09:45:06 +0000] \"GET /health HTTP/1.1\" 200 59 \"-\" \"-\"\n"}
{"level":"info","message":"::1 - - [12/Aug/2025:09:45:36 +0000] \"GET /health HTTP/1.1\" 200 59 \"-\" \"-\"\n"}
{"level":"info","message":"::1 - - [12/Aug/2025:09:46:06 +0000] \"GET /health HTTP/1.1\" 200 59 \"-\" \"-\"\n"}
{"level":"info","message":"::1 - - [12/Aug/2025:09:46:36 +0000] \"GET /health HTTP/1.1\" 200 59 \"-\" \"-\"\n"}
{"level":"info","message":"::1 - - [12/Aug/2025:09:47:06 +0000] \"GET /health HTTP/1.1\" 200 59 \"-\" \"-\"\n"}
{"level":"info","message":"::1 - - [12/Aug/2025:09:47:36 +0000] \"GET /health HTTP/1.1\" 200 59 \"-\" \"-\"\n"}
{"level":"info","message":"::1 - - [12/Aug/2025:09:48:06 +0000] \"GET /health HTTP/1.1\" 200 59 \"-\" \"-\"\n"}
{"level":"info","message":"::1 - - [12/Aug/2025:09:48:36 +0000] \"GET /health HTTP/1.1\" 200 59 \"-\" \"-\"\n"}
{"level":"info","message":"::1 - - [12/Aug/2025:09:49:07 +0000] \"GET /health HTTP/1.1\" 200 59 \"-\" \"-\"\n"}
{"level":"info","message":"::1 - - [12/Aug/2025:09:49:37 +0000] \"GET /health HTTP/1.1\" 200 59 \"-\" \"-\"\n"}
{"level":"info","message":"::1 - - [12/Aug/2025:09:50:07 +0000] \"GET /health HTTP/1.1\" 200 59 \"-\" \"-\"\n"}
{"level":"info","message":"::1 - - [12/Aug/2025:09:50:37 +0000] \"GET /health HTTP/1.1\" 200 59 \"-\" \"-\"\n"}
{"level":"info","message":"::1 - - [12/Aug/2025:09:51:07 +0000] \"GET /health HTTP/1.1\" 200 59 \"-\" \"-\"\n"}
{"level":"info","message":"::1 - - [12/Aug/2025:09:51:37 +0000] \"GET /health HTTP/1.1\" 200 59 \"-\" \"-\"\n"}
{"level":"info","message":"::1 - - [12/Aug/2025:09:52:07 +0000] \"GET /health HTTP/1.1\" 200 59 \"-\" \"-\"\n"}
{"level":"info","message":"::1 - - [12/Aug/2025:09:52:37 +0000] \"GET /health HTTP/1.1\" 200 59 \"-\" \"-\"\n"}
{"level":"info","message":"::1 - - [12/Aug/2025:09:53:08 +0000] \"GET /health HTTP/1.1\" 200 59 \"-\" \"-\"\n"}
{"level":"info","message":"::1 - - [12/Aug/2025:09:53:38 +0000] \"GET /health HTTP/1.1\" 200 59 \"-\" \"-\"\n"}
{"level":"info","message":"::1 - - [12/Aug/2025:09:54:08 +0000] \"GET /health HTTP/1.1\" 200 59 \"-\" \"-\"\n"}
{"level":"info","message":"::1 - - [12/Aug/2025:09:54:38 +0000] \"GET /health HTTP/1.1\" 200 59 \"-\" \"-\"\n"}
{"level":"info","message":"::1 - - [12/Aug/2025:09:55:08 +0000] \"GET /health HTTP/1.1\" 200 59 \"-\" \"-\"\n"}
{"level":"info","message":"::1 - - [12/Aug/2025:09:55:38 +0000] \"GET /health HTTP/1.1\" 200 59 \"-\" \"-\"\n"}
{"level":"info","message":"::1 - - [12/Aug/2025:09:56:08 +0000] \"GET /health HTTP/1.1\" 200 59 \"-\" \"-\"\n"}
{"level":"info","message":"::1 - - [12/Aug/2025:09:56:38 +0000] \"GET /health HTTP/1.1\" 200 59 \"-\" \"-\"\n"}
{"level":"info","message":"::1 - - [12/Aug/2025:09:57:08 +0000] \"GET /health HTTP/1.1\" 200 59 \"-\" \"-\"\n"}
{"level":"info","message":"::1 - - [12/Aug/2025:09:57:39 +0000] \"GET /health HTTP/1.1\" 200 59 \"-\" \"-\"\n"}
{"level":"info","message":"::1 - - [12/Aug/2025:09:58:09 +0000] \"GET /health HTTP/1.1\" 200 59 \"-\" \"-\"\n"}
{"level":"info","message":"::1 - - [12/Aug/2025:09:58:39 +0000] \"GET /health HTTP/1.1\" 200 59 \"-\" \"-\"\n"}
{"level":"info","message":"::1 - - [12/Aug/2025:09:59:09 +0000] \"GET /health HTTP/1.1\" 200 59 \"-\" \"-\"\n"}
{"level":"info","message":"::1 - - [12/Aug/2025:09:59:39 +0000] \"GET /health HTTP/1.1\" 200 59 \"-\" \"-\"\n"}
{"level":"info","message":"::1 - - [12/Aug/2025:10:00:09 +0000] \"GET /health HTTP/1.1\" 200 59 \"-\" \"-\"\n"}
{"level":"info","message":"::1 - - [12/Aug/2025:10:00:39 +0000] \"GET /health HTTP/1.1\" 200 59 \"-\" \"-\"\n"}
{"level":"info","message":"::1 - - [12/Aug/2025:10:01:09 +0000] \"GET /health HTTP/1.1\" 200 59 \"-\" \"-\"\n"}
{"level":"info","message":"::1 - - [12/Aug/2025:10:01:39 +0000] \"GET /health HTTP/1.1\" 200 59 \"-\" \"-\"\n"}
{"level":"info","message":"::1 - - [12/Aug/2025:10:02:10 +0000] \"GET /health HTTP/1.1\" 200 59 \"-\" \"-\"\n"}
{"level":"info","message":"::1 - - [12/Aug/2025:10:02:40 +0000] \"GET /health HTTP/1.1\" 200 59 \"-\" \"-\"\n"}
{"level":"info","message":"::1 - - [12/Aug/2025:10:03:10 +0000] \"GET /health HTTP/1.1\" 200 59 \"-\" \"-\"\n"}
{"level":"info","message":"::1 - - [12/Aug/2025:10:03:40 +0000] \"GET /health HTTP/1.1\" 200 59 \"-\" \"-\"\n"}
{"level":"info","message":"::1 - - [12/Aug/2025:10:04:10 +0000] \"GET /health HTTP/1.1\" 200 59 \"-\" \"-\"\n"}
{"level":"info","message":"::1 - - [12/Aug/2025:10:04:40 +0000] \"GET /health HTTP/1.1\" 200 59 \"-\" \"-\"\n"}
{"level":"info","message":"::1 - - [12/Aug/2025:10:05:10 +0000] \"GET /health HTTP/1.1\" 200 59 \"-\" \"-\"\n"}
{"level":"info","message":"::1 - - [12/Aug/2025:10:05:40 +0000] \"GET /health HTTP/1.1\" 200 59 \"-\" \"-\"\n"}
{"level":"info","message":"::1 - - [12/Aug/2025:10:06:10 +0000] \"GET /health HTTP/1.1\" 200 59 \"-\" \"-\"\n"}
{"level":"info","message":"::1 - - [12/Aug/2025:10:06:41 +0000] \"GET /health HTTP/1.1\" 200 59 \"-\" \"-\"\n"}
{"level":"info","message":"::ffff:172.18.0.7 - - [12/Aug/2025:10:07:10 +0000] \"POST /auth/register HTTP/1.1\" 404 153 \"http://localhost/\" \"Mozilla/5.0 (Windows NT 10.0; Win64; x64) AppleWebKit/537.36 (KHTML, like Gecko) Chrome/138.0.0.0 Safari/537.36\"\n"}
{"level":"info","message":"::1 - - [12/Aug/2025:10:07:11 +0000] \"GET /health HTTP/1.1\" 200 59 \"-\" \"-\"\n"}
{"level":"info","message":"::ffff:172.18.0.7 - - [12/Aug/2025:10:07:14 +0000] \"POST /auth/register HTTP/1.1\" 404 153 \"http://localhost/\" \"Mozilla/5.0 (Windows NT 10.0; Win64; x64) AppleWebKit/537.36 (KHTML, like Gecko) Chrome/138.0.0.0 Safari/537.36\"\n"}
{"level":"info","message":"::ffff:172.18.0.7 - - [12/Aug/2025:10:07:18 +0000] \"POST /auth/register HTTP/1.1\" 404 153 \"http://localhost/\" \"Mozilla/5.0 (Windows NT 10.0; Win64; x64) AppleWebKit/537.36 (KHTML, like Gecko) Chrome/138.0.0.0 Safari/537.36\"\n"}
{"level":"info","message":"::ffff:172.18.0.7 - - [12/Aug/2025:10:07:20 +0000] \"POST /auth/register HTTP/1.1\" 404 153 \"http://localhost/\" \"Mozilla/5.0 (Windows NT 10.0; Win64; x64) AppleWebKit/537.36 (KHTML, like Gecko) Chrome/138.0.0.0 Safari/537.36\"\n"}
{"level":"info","message":"::ffff:172.18.0.7 - - [12/Aug/2025:10:07:38 +0000] \"POST /auth/register HTTP/1.1\" 404 153 \"http://localhost/\" \"Mozilla/5.0 (Windows NT 10.0; Win64; x64) AppleWebKit/537.36 (KHTML, like Gecko) Chrome/138.0.0.0 Safari/537.36\"\n"}
{"level":"info","message":"::ffff:172.18.0.7 - - [12/Aug/2025:10:07:39 +0000] \"POST /auth/register HTTP/1.1\" 404 153 \"http://localhost/\" \"Mozilla/5.0 (Windows NT 10.0; Win64; x64) AppleWebKit/537.36 (KHTML, like Gecko) Chrome/138.0.0.0 Safari/537.36\"\n"}
{"level":"info","message":"::ffff:172.18.0.7 - - [12/Aug/2025:10:07:40 +0000] \"POST /auth/register HTTP/1.1\" 404 153 \"http://localhost/\" \"Mozilla/5.0 (Windows NT 10.0; Win64; x64) AppleWebKit/537.36 (KHTML, like Gecko) Chrome/138.0.0.0 Safari/537.36\"\n"}
{"level":"info","message":"::1 - - [12/Aug/2025:10:07:41 +0000] \"GET /health HTTP/1.1\" 200 59 \"-\" \"-\"\n"}
{"level":"info","message":"::1 - - [12/Aug/2025:10:08:11 +0000] \"GET /health HTTP/1.1\" 200 59 \"-\" \"-\"\n"}
{"level":"info","message":"::1 - - [12/Aug/2025:10:08:41 +0000] \"GET /health HTTP/1.1\" 200 59 \"-\" \"-\"\n"}
{"level":"info","message":"::1 - - [12/Aug/2025:10:09:11 +0000] \"GET /health HTTP/1.1\" 200 59 \"-\" \"-\"\n"}
{"level":"info","message":"::1 - - [12/Aug/2025:10:09:41 +0000] \"GET /health HTTP/1.1\" 200 59 \"-\" \"-\"\n"}
{"level":"info","message":"::ffff:172.18.0.7 - - [12/Aug/2025:10:09:51 +0000] \"POST /auth/register HTTP/1.1\" 404 153 \"http://localhost/\" \"Mozilla/5.0 (Windows NT 10.0; Win64; x64) AppleWebKit/537.36 (KHTML, like Gecko) Chrome/138.0.0.0 Safari/537.36\"\n"}
{"level":"info","message":"::ffff:172.18.0.7 - - [12/Aug/2025:10:09:52 +0000] \"POST /auth/register HTTP/1.1\" 404 153 \"http://localhost/\" \"Mozilla/5.0 (Windows NT 10.0; Win64; x64) AppleWebKit/537.36 (KHTML, like Gecko) Chrome/138.0.0.0 Safari/537.36\"\n"}
{"level":"info","message":"::ffff:172.18.0.7 - - [12/Aug/2025:10:09:53 +0000] \"POST /auth/register HTTP/1.1\" 404 153 \"http://localhost/\" \"Mozilla/5.0 (Windows NT 10.0; Win64; x64) AppleWebKit/537.36 (KHTML, like Gecko) Chrome/138.0.0.0 Safari/537.36\"\n"}
{"level":"info","message":"::1 - - [12/Aug/2025:10:10:11 +0000] \"GET /health HTTP/1.1\" 200 59 \"-\" \"-\"\n"}
{"level":"info","message":"::1 - - [12/Aug/2025:10:10:41 +0000] \"GET /health HTTP/1.1\" 200 59 \"-\" \"-\"\n"}
{"level":"info","message":"::1 - - [12/Aug/2025:10:11:12 +0000] \"GET /health HTTP/1.1\" 200 59 \"-\" \"-\"\n"}
{"level":"info","message":"::1 - - [12/Aug/2025:10:11:42 +0000] \"GET /health HTTP/1.1\" 200 59 \"-\" \"-\"\n"}
{"level":"info","message":"::1 - - [12/Aug/2025:10:12:12 +0000] \"GET /health HTTP/1.1\" 200 59 \"-\" \"-\"\n"}
{"level":"info","message":"::1 - - [12/Aug/2025:10:12:42 +0000] \"GET /health HTTP/1.1\" 200 59 \"-\" \"-\"\n"}
{"level":"info","message":"::1 - - [12/Aug/2025:10:13:12 +0000] \"GET /health HTTP/1.1\" 200 59 \"-\" \"-\"\n"}
{"level":"info","message":"::1 - - [12/Aug/2025:10:13:42 +0000] \"GET /health HTTP/1.1\" 200 59 \"-\" \"-\"\n"}
{"level":"info","message":"::1 - - [12/Aug/2025:10:14:12 +0000] \"GET /health HTTP/1.1\" 200 59 \"-\" \"-\"\n"}
{"level":"info","message":"::1 - - [12/Aug/2025:10:14:42 +0000] \"GET /health HTTP/1.1\" 200 59 \"-\" \"-\"\n"}
{"level":"info","message":"::1 - - [12/Aug/2025:10:15:13 +0000] \"GET /health HTTP/1.1\" 200 59 \"-\" \"-\"\n"}
{"level":"info","message":"::1 - - [12/Aug/2025:10:15:43 +0000] \"GET /health HTTP/1.1\" 200 59 \"-\" \"-\"\n"}
{"level":"info","message":"::1 - - [12/Aug/2025:10:16:13 +0000] \"GET /health HTTP/1.1\" 200 59 \"-\" \"-\"\n"}
{"level":"info","message":"::1 - - [12/Aug/2025:10:16:43 +0000] \"GET /health HTTP/1.1\" 200 59 \"-\" \"-\"\n"}
{"level":"info","message":"::1 - - [12/Aug/2025:10:17:13 +0000] \"GET /health HTTP/1.1\" 200 59 \"-\" \"-\"\n"}
{"level":"info","message":"::1 - - [12/Aug/2025:10:17:43 +0000] \"GET /health HTTP/1.1\" 200 59 \"-\" \"-\"\n"}
{"level":"info","message":"::1 - - [12/Aug/2025:10:18:13 +0000] \"GET /health HTTP/1.1\" 200 59 \"-\" \"-\"\n"}
{"level":"info","message":"::1 - - [12/Aug/2025:10:18:43 +0000] \"GET /health HTTP/1.1\" 200 59 \"-\" \"-\"\n"}
{"level":"info","message":"::1 - - [12/Aug/2025:10:19:13 +0000] \"GET /health HTTP/1.1\" 200 59 \"-\" \"-\"\n"}
{"level":"info","message":"::1 - - [12/Aug/2025:10:19:44 +0000] \"GET /health HTTP/1.1\" 200 59 \"-\" \"-\"\n"}
{"level":"info","message":"::1 - - [12/Aug/2025:10:20:14 +0000] \"GET /health HTTP/1.1\" 200 59 \"-\" \"-\"\n"}
{"level":"info","message":"::1 - - [12/Aug/2025:10:20:44 +0000] \"GET /health HTTP/1.1\" 200 59 \"-\" \"-\"\n"}
{"level":"info","message":"::1 - - [12/Aug/2025:10:21:14 +0000] \"GET /health HTTP/1.1\" 200 59 \"-\" \"-\"\n"}
{"level":"info","message":"::1 - - [12/Aug/2025:10:21:44 +0000] \"GET /health HTTP/1.1\" 200 59 \"-\" \"-\"\n"}
{"level":"info","message":"::1 - - [12/Aug/2025:10:22:14 +0000] \"GET /health HTTP/1.1\" 200 59 \"-\" \"-\"\n"}
{"level":"info","message":"::1 - - [12/Aug/2025:10:22:44 +0000] \"GET /health HTTP/1.1\" 200 59 \"-\" \"-\"\n"}
{"level":"info","message":"::1 - - [12/Aug/2025:10:23:14 +0000] \"GET /health HTTP/1.1\" 200 59 \"-\" \"-\"\n"}
{"level":"info","message":"::1 - - [12/Aug/2025:10:23:44 +0000] \"GET /health HTTP/1.1\" 200 59 \"-\" \"-\"\n"}
{"level":"info","message":"::1 - - [12/Aug/2025:10:24:15 +0000] \"GET /health HTTP/1.1\" 200 59 \"-\" \"-\"\n"}
{"level":"info","message":"::1 - - [12/Aug/2025:10:24:45 +0000] \"GET /health HTTP/1.1\" 200 59 \"-\" \"-\"\n"}
{"level":"info","message":"::1 - - [12/Aug/2025:10:25:15 +0000] \"GET /health HTTP/1.1\" 200 59 \"-\" \"-\"\n"}
{"level":"info","message":"::1 - - [12/Aug/2025:10:25:45 +0000] \"GET /health HTTP/1.1\" 200 59 \"-\" \"-\"\n"}
{"level":"info","message":"::1 - - [12/Aug/2025:10:26:15 +0000] \"GET /health HTTP/1.1\" 200 59 \"-\" \"-\"\n"}
{"level":"info","message":"::1 - - [12/Aug/2025:10:26:45 +0000] \"GET /health HTTP/1.1\" 200 59 \"-\" \"-\"\n"}
{"level":"info","message":"::1 - - [12/Aug/2025:10:27:15 +0000] \"GET /health HTTP/1.1\" 200 59 \"-\" \"-\"\n"}
{"level":"info","message":"::1 - - [12/Aug/2025:10:27:45 +0000] \"GET /health HTTP/1.1\" 200 59 \"-\" \"-\"\n"}
{"level":"info","message":"::1 - - [12/Aug/2025:10:28:16 +0000] \"GET /health HTTP/1.1\" 200 59 \"-\" \"-\"\n"}
{"level":"info","message":"::1 - - [12/Aug/2025:10:28:46 +0000] \"GET /health HTTP/1.1\" 200 59 \"-\" \"-\"\n"}
{"level":"info","message":"::1 - - [12/Aug/2025:10:29:16 +0000] \"GET /health HTTP/1.1\" 200 59 \"-\" \"-\"\n"}
{"level":"info","message":"::1 - - [12/Aug/2025:10:29:46 +0000] \"GET /health HTTP/1.1\" 200 59 \"-\" \"-\"\n"}
{"level":"info","message":"::1 - - [12/Aug/2025:10:30:16 +0000] \"GET /health HTTP/1.1\" 200 59 \"-\" \"-\"\n"}
{"level":"info","message":"::1 - - [12/Aug/2025:10:30:46 +0000] \"GET /health HTTP/1.1\" 200 59 \"-\" \"-\"\n"}
{"level":"info","message":"::1 - - [12/Aug/2025:10:31:16 +0000] \"GET /health HTTP/1.1\" 200 59 \"-\" \"-\"\n"}
{"level":"info","message":"::1 - - [12/Aug/2025:10:31:46 +0000] \"GET /health HTTP/1.1\" 200 59 \"-\" \"-\"\n"}
{"level":"info","message":"::1 - - [12/Aug/2025:10:32:17 +0000] \"GET /health HTTP/1.1\" 200 59 \"-\" \"-\"\n"}
{"level":"info","message":"::1 - - [12/Aug/2025:10:32:47 +0000] \"GET /health HTTP/1.1\" 200 59 \"-\" \"-\"\n"}
{"level":"info","message":"::1 - - [12/Aug/2025:10:33:17 +0000] \"GET /health HTTP/1.1\" 200 59 \"-\" \"-\"\n"}
{"level":"info","message":"::1 - - [12/Aug/2025:10:33:47 +0000] \"GET /health HTTP/1.1\" 200 59 \"-\" \"-\"\n"}
{"level":"info","message":"::1 - - [12/Aug/2025:10:34:17 +0000] \"GET /health HTTP/1.1\" 200 59 \"-\" \"-\"\n"}
{"level":"info","message":"::1 - - [12/Aug/2025:10:34:47 +0000] \"GET /health HTTP/1.1\" 200 59 \"-\" \"-\"\n"}
{"level":"info","message":"::1 - - [12/Aug/2025:10:35:17 +0000] \"GET /health HTTP/1.1\" 200 59 \"-\" \"-\"\n"}
{"level":"info","message":"::1 - - [12/Aug/2025:10:35:47 +0000] \"GET /health HTTP/1.1\" 200 59 \"-\" \"-\"\n"}
{"level":"info","message":"::1 - - [12/Aug/2025:10:36:17 +0000] \"GET /health HTTP/1.1\" 200 59 \"-\" \"-\"\n"}
{"level":"info","message":"::1 - - [12/Aug/2025:10:36:48 +0000] \"GET /health HTTP/1.1\" 200 59 \"-\" \"-\"\n"}
{"level":"info","message":"::1 - - [12/Aug/2025:10:37:18 +0000] \"GET /health HTTP/1.1\" 200 59 \"-\" \"-\"\n"}
{"level":"info","message":"::1 - - [12/Aug/2025:10:37:48 +0000] \"GET /health HTTP/1.1\" 200 59 \"-\" \"-\"\n"}
{"level":"info","message":"::1 - - [12/Aug/2025:10:38:18 +0000] \"GET /health HTTP/1.1\" 200 59 \"-\" \"-\"\n"}
{"level":"info","message":"::1 - - [12/Aug/2025:10:38:48 +0000] \"GET /health HTTP/1.1\" 200 59 \"-\" \"-\"\n"}
{"level":"info","message":"::1 - - [12/Aug/2025:10:39:18 +0000] \"GET /health HTTP/1.1\" 200 59 \"-\" \"-\"\n"}
{"level":"info","message":"::1 - - [12/Aug/2025:10:39:48 +0000] \"GET /health HTTP/1.1\" 200 59 \"-\" \"-\"\n"}
{"level":"info","message":"::1 - - [12/Aug/2025:10:40:18 +0000] \"GET /health HTTP/1.1\" 200 59 \"-\" \"-\"\n"}
{"level":"info","message":"::1 - - [12/Aug/2025:10:40:48 +0000] \"GET /health HTTP/1.1\" 200 59 \"-\" \"-\"\n"}
{"level":"info","message":"::1 - - [12/Aug/2025:10:41:18 +0000] \"GET /health HTTP/1.1\" 200 59 \"-\" \"-\"\n"}
{"level":"info","message":"::1 - - [12/Aug/2025:10:41:49 +0000] \"GET /health HTTP/1.1\" 200 59 \"-\" \"-\"\n"}
{"level":"info","message":"::1 - - [12/Aug/2025:10:42:19 +0000] \"GET /health HTTP/1.1\" 200 59 \"-\" \"-\"\n"}
{"level":"info","message":"::1 - - [12/Aug/2025:10:42:49 +0000] \"GET /health HTTP/1.1\" 200 59 \"-\" \"-\"\n"}
{"level":"info","message":"::1 - - [12/Aug/2025:10:43:19 +0000] \"GET /health HTTP/1.1\" 200 59 \"-\" \"-\"\n"}
{"level":"info","message":"::1 - - [12/Aug/2025:10:43:49 +0000] \"GET /health HTTP/1.1\" 200 59 \"-\" \"-\"\n"}
{"level":"info","message":"::1 - - [12/Aug/2025:10:44:19 +0000] \"GET /health HTTP/1.1\" 200 59 \"-\" \"-\"\n"}
{"level":"info","message":"::1 - - [12/Aug/2025:10:44:49 +0000] \"GET /health HTTP/1.1\" 200 59 \"-\" \"-\"\n"}
{"level":"info","message":"::1 - - [12/Aug/2025:10:45:19 +0000] \"GET /health HTTP/1.1\" 200 59 \"-\" \"-\"\n"}
{"level":"info","message":"::1 - - [12/Aug/2025:10:45:50 +0000] \"GET /health HTTP/1.1\" 200 59 \"-\" \"-\"\n"}
{"level":"info","message":"::1 - - [12/Aug/2025:10:46:20 +0000] \"GET /health HTTP/1.1\" 200 59 \"-\" \"-\"\n"}
{"level":"info","message":"::1 - - [12/Aug/2025:10:46:50 +0000] \"GET /health HTTP/1.1\" 200 59 \"-\" \"-\"\n"}
{"level":"info","message":"::1 - - [12/Aug/2025:10:47:20 +0000] \"GET /health HTTP/1.1\" 200 59 \"-\" \"-\"\n"}
{"level":"info","message":"::1 - - [12/Aug/2025:10:47:50 +0000] \"GET /health HTTP/1.1\" 200 59 \"-\" \"-\"\n"}
{"level":"info","message":"::1 - - [12/Aug/2025:10:48:20 +0000] \"GET /health HTTP/1.1\" 200 59 \"-\" \"-\"\n"}
{"level":"info","message":"::1 - - [12/Aug/2025:10:48:50 +0000] \"GET /health HTTP/1.1\" 200 59 \"-\" \"-\"\n"}
{"level":"info","message":"::1 - - [12/Aug/2025:10:49:20 +0000] \"GET /health HTTP/1.1\" 200 59 \"-\" \"-\"\n"}
{"level":"info","message":"::1 - - [12/Aug/2025:10:49:51 +0000] \"GET /health HTTP/1.1\" 200 59 \"-\" \"-\"\n"}
{"level":"info","message":"::1 - - [12/Aug/2025:10:50:21 +0000] \"GET /health HTTP/1.1\" 200 59 \"-\" \"-\"\n"}
{"level":"info","message":"::1 - - [12/Aug/2025:10:50:51 +0000] \"GET /health HTTP/1.1\" 200 59 \"-\" \"-\"\n"}
{"level":"info","message":"::1 - - [12/Aug/2025:10:51:21 +0000] \"GET /health HTTP/1.1\" 200 59 \"-\" \"-\"\n"}
{"level":"info","message":"::1 - - [12/Aug/2025:10:51:51 +0000] \"GET /health HTTP/1.1\" 200 59 \"-\" \"-\"\n"}
{"level":"info","message":"::1 - - [12/Aug/2025:10:52:21 +0000] \"GET /health HTTP/1.1\" 200 59 \"-\" \"-\"\n"}
{"level":"info","message":"::1 - - [12/Aug/2025:10:52:51 +0000] \"GET /health HTTP/1.1\" 200 59 \"-\" \"-\"\n"}
{"level":"info","message":"::1 - - [12/Aug/2025:10:53:21 +0000] \"GET /health HTTP/1.1\" 200 59 \"-\" \"-\"\n"}
{"level":"info","message":"::1 - - [12/Aug/2025:10:53:51 +0000] \"GET /health HTTP/1.1\" 200 59 \"-\" \"-\"\n"}
{"level":"info","message":"::1 - - [12/Aug/2025:10:54:22 +0000] \"GET /health HTTP/1.1\" 200 59 \"-\" \"-\"\n"}
{"level":"info","message":"::1 - - [12/Aug/2025:10:54:52 +0000] \"GET /health HTTP/1.1\" 200 59 \"-\" \"-\"\n"}
{"level":"info","message":"::1 - - [12/Aug/2025:10:55:22 +0000] \"GET /health HTTP/1.1\" 200 59 \"-\" \"-\"\n"}
{"level":"info","message":"::1 - - [12/Aug/2025:10:55:52 +0000] \"GET /health HTTP/1.1\" 200 59 \"-\" \"-\"\n"}
{"level":"info","message":"::1 - - [12/Aug/2025:10:56:22 +0000] \"GET /health HTTP/1.1\" 200 59 \"-\" \"-\"\n"}
{"level":"info","message":"::1 - - [12/Aug/2025:10:56:52 +0000] \"GET /health HTTP/1.1\" 200 59 \"-\" \"-\"\n"}
{"level":"info","message":"::1 - - [12/Aug/2025:10:57:22 +0000] \"GET /health HTTP/1.1\" 200 59 \"-\" \"-\"\n"}
{"level":"info","message":"::1 - - [12/Aug/2025:10:57:52 +0000] \"GET /health HTTP/1.1\" 200 59 \"-\" \"-\"\n"}
{"level":"info","message":"::1 - - [12/Aug/2025:10:58:23 +0000] \"GET /health HTTP/1.1\" 200 59 \"-\" \"-\"\n"}
{"level":"info","message":"::1 - - [12/Aug/2025:10:58:53 +0000] \"GET /health HTTP/1.1\" 200 59 \"-\" \"-\"\n"}
{"level":"info","message":"::1 - - [12/Aug/2025:10:59:23 +0000] \"GET /health HTTP/1.1\" 200 59 \"-\" \"-\"\n"}
{"level":"info","message":"::1 - - [12/Aug/2025:10:59:53 +0000] \"GET /health HTTP/1.1\" 200 59 \"-\" \"-\"\n"}
{"level":"info","message":"::1 - - [12/Aug/2025:11:00:23 +0000] \"GET /health HTTP/1.1\" 200 59 \"-\" \"-\"\n"}
{"level":"info","message":"::1 - - [12/Aug/2025:11:00:53 +0000] \"GET /health HTTP/1.1\" 200 59 \"-\" \"-\"\n"}
{"level":"info","message":"::1 - - [12/Aug/2025:11:01:23 +0000] \"GET /health HTTP/1.1\" 200 59 \"-\" \"-\"\n"}
{"level":"info","message":"::1 - - [12/Aug/2025:11:01:53 +0000] \"GET /health HTTP/1.1\" 200 59 \"-\" \"-\"\n"}
{"level":"info","message":"::1 - - [12/Aug/2025:11:02:23 +0000] \"GET /health HTTP/1.1\" 200 59 \"-\" \"-\"\n"}
{"level":"info","message":"::1 - - [12/Aug/2025:11:02:54 +0000] \"GET /health HTTP/1.1\" 200 59 \"-\" \"-\"\n"}
{"level":"info","message":"::1 - - [12/Aug/2025:11:03:24 +0000] \"GET /health HTTP/1.1\" 200 59 \"-\" \"-\"\n"}
{"level":"info","message":"::1 - - [12/Aug/2025:11:03:54 +0000] \"GET /health HTTP/1.1\" 200 59 \"-\" \"-\"\n"}
{"level":"info","message":"::1 - - [12/Aug/2025:11:04:24 +0000] \"GET /health HTTP/1.1\" 200 59 \"-\" \"-\"\n"}
{"level":"info","message":"::1 - - [12/Aug/2025:11:04:54 +0000] \"GET /health HTTP/1.1\" 200 59 \"-\" \"-\"\n"}
{"level":"info","message":"::1 - - [12/Aug/2025:11:05:24 +0000] \"GET /health HTTP/1.1\" 200 59 \"-\" \"-\"\n"}
{"level":"info","message":"::1 - - [12/Aug/2025:11:05:54 +0000] \"GET /health HTTP/1.1\" 200 59 \"-\" \"-\"\n"}
{"level":"info","message":"::1 - - [12/Aug/2025:11:06:24 +0000] \"GET /health HTTP/1.1\" 200 59 \"-\" \"-\"\n"}
{"level":"info","message":"::1 - - [12/Aug/2025:11:06:55 +0000] \"GET /health HTTP/1.1\" 200 59 \"-\" \"-\"\n"}
{"level":"info","message":"::1 - - [12/Aug/2025:11:07:25 +0000] \"GET /health HTTP/1.1\" 200 59 \"-\" \"-\"\n"}
{"level":"info","message":"::1 - - [12/Aug/2025:11:07:55 +0000] \"GET /health HTTP/1.1\" 200 59 \"-\" \"-\"\n"}
{"level":"info","message":"::1 - - [12/Aug/2025:11:08:25 +0000] \"GET /health HTTP/1.1\" 200 59 \"-\" \"-\"\n"}
{"level":"info","message":"::1 - - [12/Aug/2025:11:08:55 +0000] \"GET /health HTTP/1.1\" 200 59 \"-\" \"-\"\n"}
{"level":"info","message":"::1 - - [12/Aug/2025:11:09:25 +0000] \"GET /health HTTP/1.1\" 200 59 \"-\" \"-\"\n"}
{"level":"info","message":"::1 - - [12/Aug/2025:11:09:55 +0000] \"GET /health HTTP/1.1\" 200 59 \"-\" \"-\"\n"}
{"level":"info","message":"::1 - - [12/Aug/2025:11:10:25 +0000] \"GET /health HTTP/1.1\" 200 59 \"-\" \"-\"\n"}
{"level":"info","message":"::1 - - [12/Aug/2025:11:10:55 +0000] \"GET /health HTTP/1.1\" 200 59 \"-\" \"-\"\n"}
{"level":"info","message":"::1 - - [12/Aug/2025:11:11:26 +0000] \"GET /health HTTP/1.1\" 200 59 \"-\" \"-\"\n"}
{"level":"info","message":"::1 - - [12/Aug/2025:11:11:56 +0000] \"GET /health HTTP/1.1\" 200 59 \"-\" \"-\"\n"}
{"level":"info","message":"::1 - - [12/Aug/2025:11:12:26 +0000] \"GET /health HTTP/1.1\" 200 59 \"-\" \"-\"\n"}
{"level":"info","message":"::1 - - [12/Aug/2025:11:12:56 +0000] \"GET /health HTTP/1.1\" 200 59 \"-\" \"-\"\n"}
{"level":"info","message":"::1 - - [12/Aug/2025:11:13:26 +0000] \"GET /health HTTP/1.1\" 200 59 \"-\" \"-\"\n"}
{"level":"info","message":"::1 - - [12/Aug/2025:11:13:56 +0000] \"GET /health HTTP/1.1\" 200 59 \"-\" \"-\"\n"}
{"level":"info","message":"::1 - - [12/Aug/2025:11:14:26 +0000] \"GET /health HTTP/1.1\" 200 59 \"-\" \"-\"\n"}
{"level":"info","message":"::1 - - [12/Aug/2025:11:14:56 +0000] \"GET /health HTTP/1.1\" 200 59 \"-\" \"-\"\n"}
{"level":"info","message":"::1 - - [12/Aug/2025:11:15:27 +0000] \"GET /health HTTP/1.1\" 200 59 \"-\" \"-\"\n"}
{"level":"info","message":"::1 - - [12/Aug/2025:11:15:57 +0000] \"GET /health HTTP/1.1\" 200 59 \"-\" \"-\"\n"}
{"level":"info","message":"::1 - - [12/Aug/2025:11:16:27 +0000] \"GET /health HTTP/1.1\" 200 59 \"-\" \"-\"\n"}
{"level":"info","message":"::1 - - [12/Aug/2025:11:16:57 +0000] \"GET /health HTTP/1.1\" 200 59 \"-\" \"-\"\n"}
{"level":"info","message":"::1 - - [12/Aug/2025:11:17:27 +0000] \"GET /health HTTP/1.1\" 200 59 \"-\" \"-\"\n"}
{"level":"info","message":"::1 - - [12/Aug/2025:11:17:57 +0000] \"GET /health HTTP/1.1\" 200 59 \"-\" \"-\"\n"}
{"level":"info","message":"::1 - - [12/Aug/2025:11:18:27 +0000] \"GET /health HTTP/1.1\" 200 59 \"-\" \"-\"\n"}
{"level":"info","message":"::1 - - [12/Aug/2025:11:18:57 +0000] \"GET /health HTTP/1.1\" 200 59 \"-\" \"-\"\n"}
{"level":"info","message":"::1 - - [12/Aug/2025:11:19:27 +0000] \"GET /health HTTP/1.1\" 200 59 \"-\" \"-\"\n"}
{"level":"info","message":"::1 - - [12/Aug/2025:11:19:58 +0000] \"GET /health HTTP/1.1\" 200 59 \"-\" \"-\"\n"}
{"level":"info","message":"::1 - - [12/Aug/2025:11:20:28 +0000] \"GET /health HTTP/1.1\" 200 59 \"-\" \"-\"\n"}
{"level":"info","message":"::1 - - [12/Aug/2025:11:20:58 +0000] \"GET /health HTTP/1.1\" 200 59 \"-\" \"-\"\n"}
{"level":"info","message":"::1 - - [12/Aug/2025:11:21:28 +0000] \"GET /health HTTP/1.1\" 200 59 \"-\" \"-\"\n"}
{"level":"info","message":"::1 - - [12/Aug/2025:11:21:58 +0000] \"GET /health HTTP/1.1\" 200 59 \"-\" \"-\"\n"}
{"level":"info","message":"::1 - - [12/Aug/2025:11:22:28 +0000] \"GET /health HTTP/1.1\" 200 59 \"-\" \"-\"\n"}
{"level":"info","message":"::1 - - [12/Aug/2025:11:22:58 +0000] \"GET /health HTTP/1.1\" 200 59 \"-\" \"-\"\n"}
{"level":"info","message":"::1 - - [12/Aug/2025:11:23:28 +0000] \"GET /health HTTP/1.1\" 200 59 \"-\" \"-\"\n"}
{"level":"info","message":"::1 - - [12/Aug/2025:11:23:58 +0000] \"GET /health HTTP/1.1\" 200 59 \"-\" \"-\"\n"}
{"level":"info","message":"::1 - - [12/Aug/2025:11:24:29 +0000] \"GET /health HTTP/1.1\" 200 59 \"-\" \"-\"\n"}
{"level":"info","message":"::1 - - [12/Aug/2025:11:24:59 +0000] \"GET /health HTTP/1.1\" 200 59 \"-\" \"-\"\n"}
{"level":"info","message":"::1 - - [12/Aug/2025:11:25:29 +0000] \"GET /health HTTP/1.1\" 200 59 \"-\" \"-\"\n"}
{"level":"info","message":"::1 - - [12/Aug/2025:11:25:59 +0000] \"GET /health HTTP/1.1\" 200 59 \"-\" \"-\"\n"}
{"level":"info","message":"::1 - - [12/Aug/2025:11:26:29 +0000] \"GET /health HTTP/1.1\" 200 59 \"-\" \"-\"\n"}
{"level":"info","message":"::1 - - [12/Aug/2025:11:26:59 +0000] \"GET /health HTTP/1.1\" 200 59 \"-\" \"-\"\n"}
{"level":"info","message":"::1 - - [12/Aug/2025:11:27:29 +0000] \"GET /health HTTP/1.1\" 200 59 \"-\" \"-\"\n"}
{"level":"info","message":"::1 - - [12/Aug/2025:11:27:59 +0000] \"GET /health HTTP/1.1\" 200 59 \"-\" \"-\"\n"}
{"level":"info","message":"::1 - - [12/Aug/2025:11:28:29 +0000] \"GET /health HTTP/1.1\" 200 59 \"-\" \"-\"\n"}
{"level":"info","message":"::1 - - [12/Aug/2025:11:29:00 +0000] \"GET /health HTTP/1.1\" 200 59 \"-\" \"-\"\n"}
{"level":"info","message":"::1 - - [12/Aug/2025:11:29:30 +0000] \"GET /health HTTP/1.1\" 200 59 \"-\" \"-\"\n"}
{"level":"info","message":"::1 - - [12/Aug/2025:11:30:00 +0000] \"GET /health HTTP/1.1\" 200 59 \"-\" \"-\"\n"}
{"level":"info","message":"::1 - - [12/Aug/2025:11:30:30 +0000] \"GET /health HTTP/1.1\" 200 59 \"-\" \"-\"\n"}
{"level":"info","message":"::1 - - [12/Aug/2025:11:31:00 +0000] \"GET /health HTTP/1.1\" 200 59 \"-\" \"-\"\n"}
{"level":"info","message":"::1 - - [12/Aug/2025:11:31:30 +0000] \"GET /health HTTP/1.1\" 200 59 \"-\" \"-\"\n"}
{"level":"info","message":"::1 - - [12/Aug/2025:11:32:00 +0000] \"GET /health HTTP/1.1\" 200 59 \"-\" \"-\"\n"}
{"level":"info","message":"::1 - - [12/Aug/2025:11:32:30 +0000] \"GET /health HTTP/1.1\" 200 59 \"-\" \"-\"\n"}
{"level":"info","message":"::1 - - [12/Aug/2025:11:33:00 +0000] \"GET /health HTTP/1.1\" 200 59 \"-\" \"-\"\n"}
{"level":"info","message":"::1 - - [12/Aug/2025:11:33:31 +0000] \"GET /health HTTP/1.1\" 200 59 \"-\" \"-\"\n"}
{"level":"info","message":"::1 - - [12/Aug/2025:11:34:01 +0000] \"GET /health HTTP/1.1\" 200 59 \"-\" \"-\"\n"}
{"level":"info","message":"::1 - - [12/Aug/2025:11:34:31 +0000] \"GET /health HTTP/1.1\" 200 59 \"-\" \"-\"\n"}
{"level":"info","message":"::1 - - [12/Aug/2025:11:35:01 +0000] \"GET /health HTTP/1.1\" 200 59 \"-\" \"-\"\n"}
{"level":"info","message":"::1 - - [12/Aug/2025:11:35:31 +0000] \"GET /health HTTP/1.1\" 200 59 \"-\" \"-\"\n"}
{"level":"info","message":"::1 - - [12/Aug/2025:11:36:01 +0000] \"GET /health HTTP/1.1\" 200 59 \"-\" \"-\"\n"}
{"level":"info","message":"::1 - - [12/Aug/2025:11:36:31 +0000] \"GET /health HTTP/1.1\" 200 59 \"-\" \"-\"\n"}
{"level":"info","message":"::1 - - [12/Aug/2025:11:37:01 +0000] \"GET /health HTTP/1.1\" 200 59 \"-\" \"-\"\n"}
{"level":"info","message":"::1 - - [12/Aug/2025:11:37:32 +0000] \"GET /health HTTP/1.1\" 200 59 \"-\" \"-\"\n"}
{"level":"info","message":"::1 - - [12/Aug/2025:11:38:02 +0000] \"GET /health HTTP/1.1\" 200 59 \"-\" \"-\"\n"}
{"level":"info","message":"::1 - - [12/Aug/2025:11:38:32 +0000] \"GET /health HTTP/1.1\" 200 59 \"-\" \"-\"\n"}
{"level":"info","message":"::1 - - [12/Aug/2025:11:39:02 +0000] \"GET /health HTTP/1.1\" 200 59 \"-\" \"-\"\n"}
{"level":"info","message":"::1 - - [12/Aug/2025:11:39:32 +0000] \"GET /health HTTP/1.1\" 200 59 \"-\" \"-\"\n"}
{"level":"info","message":"::1 - - [12/Aug/2025:11:40:02 +0000] \"GET /health HTTP/1.1\" 200 59 \"-\" \"-\"\n"}
{"level":"info","message":"::1 - - [12/Aug/2025:11:40:32 +0000] \"GET /health HTTP/1.1\" 200 59 \"-\" \"-\"\n"}
{"level":"info","message":"::1 - - [12/Aug/2025:11:41:02 +0000] \"GET /health HTTP/1.1\" 200 59 \"-\" \"-\"\n"}
{"level":"info","message":"::1 - - [12/Aug/2025:11:41:32 +0000] \"GET /health HTTP/1.1\" 200 59 \"-\" \"-\"\n"}
{"level":"info","message":"::1 - - [12/Aug/2025:11:42:03 +0000] \"GET /health HTTP/1.1\" 200 59 \"-\" \"-\"\n"}
{"level":"info","message":"::1 - - [12/Aug/2025:11:42:33 +0000] \"GET /health HTTP/1.1\" 200 59 \"-\" \"-\"\n"}
{"level":"info","message":"::1 - - [12/Aug/2025:11:43:03 +0000] \"GET /health HTTP/1.1\" 200 59 \"-\" \"-\"\n"}
{"level":"info","message":"::1 - - [12/Aug/2025:11:43:33 +0000] \"GET /health HTTP/1.1\" 200 59 \"-\" \"-\"\n"}
{"level":"info","message":"::1 - - [12/Aug/2025:11:44:03 +0000] \"GET /health HTTP/1.1\" 200 59 \"-\" \"-\"\n"}
{"level":"info","message":"::1 - - [12/Aug/2025:11:44:33 +0000] \"GET /health HTTP/1.1\" 200 59 \"-\" \"-\"\n"}
{"level":"info","message":"::1 - - [12/Aug/2025:11:45:03 +0000] \"GET /health HTTP/1.1\" 200 59 \"-\" \"-\"\n"}
{"level":"info","message":"::1 - - [12/Aug/2025:11:45:33 +0000] \"GET /health HTTP/1.1\" 200 59 \"-\" \"-\"\n"}
{"level":"info","message":"::1 - - [12/Aug/2025:11:46:04 +0000] \"GET /health HTTP/1.1\" 200 59 \"-\" \"-\"\n"}
{"level":"info","message":"::1 - - [12/Aug/2025:11:46:34 +0000] \"GET /health HTTP/1.1\" 200 59 \"-\" \"-\"\n"}
{"level":"info","message":"::1 - - [12/Aug/2025:11:47:04 +0000] \"GET /health HTTP/1.1\" 200 59 \"-\" \"-\"\n"}
{"level":"info","message":"::1 - - [12/Aug/2025:11:47:34 +0000] \"GET /health HTTP/1.1\" 200 59 \"-\" \"-\"\n"}
{"level":"info","message":"::1 - - [12/Aug/2025:11:48:04 +0000] \"GET /health HTTP/1.1\" 200 59 \"-\" \"-\"\n"}
{"level":"info","message":"::1 - - [12/Aug/2025:11:48:34 +0000] \"GET /health HTTP/1.1\" 200 59 \"-\" \"-\"\n"}
{"level":"info","message":"::1 - - [12/Aug/2025:11:49:04 +0000] \"GET /health HTTP/1.1\" 200 59 \"-\" \"-\"\n"}
{"level":"info","message":"::1 - - [12/Aug/2025:11:49:34 +0000] \"GET /health HTTP/1.1\" 200 59 \"-\" \"-\"\n"}
{"level":"info","message":"::1 - - [12/Aug/2025:11:50:04 +0000] \"GET /health HTTP/1.1\" 200 59 \"-\" \"-\"\n"}
{"level":"info","message":"::1 - - [12/Aug/2025:11:50:34 +0000] \"GET /health HTTP/1.1\" 200 59 \"-\" \"-\"\n"}
{"level":"info","message":"::1 - - [12/Aug/2025:11:51:05 +0000] \"GET /health HTTP/1.1\" 200 59 \"-\" \"-\"\n"}
{"level":"info","message":"::1 - - [12/Aug/2025:11:51:35 +0000] \"GET /health HTTP/1.1\" 200 59 \"-\" \"-\"\n"}
{"level":"info","message":"::1 - - [12/Aug/2025:11:52:05 +0000] \"GET /health HTTP/1.1\" 200 59 \"-\" \"-\"\n"}
{"level":"info","message":"::1 - - [12/Aug/2025:11:52:35 +0000] \"GET /health HTTP/1.1\" 200 59 \"-\" \"-\"\n"}
{"level":"info","message":"::1 - - [12/Aug/2025:11:53:05 +0000] \"GET /health HTTP/1.1\" 200 59 \"-\" \"-\"\n"}
{"level":"info","message":"::1 - - [12/Aug/2025:11:53:35 +0000] \"GET /health HTTP/1.1\" 200 59 \"-\" \"-\"\n"}
{"level":"info","message":"::1 - - [12/Aug/2025:11:54:05 +0000] \"GET /health HTTP/1.1\" 200 59 \"-\" \"-\"\n"}
{"level":"info","message":"::1 - - [12/Aug/2025:11:54:35 +0000] \"GET /health HTTP/1.1\" 200 59 \"-\" \"-\"\n"}
{"level":"info","message":"::1 - - [12/Aug/2025:11:55:06 +0000] \"GET /health HTTP/1.1\" 200 59 \"-\" \"-\"\n"}
{"level":"info","message":"::1 - - [12/Aug/2025:11:55:36 +0000] \"GET /health HTTP/1.1\" 200 59 \"-\" \"-\"\n"}
{"level":"info","message":"::1 - - [12/Aug/2025:11:56:06 +0000] \"GET /health HTTP/1.1\" 200 59 \"-\" \"-\"\n"}
{"level":"info","message":"::1 - - [12/Aug/2025:11:56:36 +0000] \"GET /health HTTP/1.1\" 200 59 \"-\" \"-\"\n"}
{"level":"info","message":"::1 - - [12/Aug/2025:11:57:06 +0000] \"GET /health HTTP/1.1\" 200 59 \"-\" \"-\"\n"}
{"level":"info","message":"::1 - - [12/Aug/2025:11:57:36 +0000] \"GET /health HTTP/1.1\" 200 59 \"-\" \"-\"\n"}
{"level":"info","message":"::1 - - [12/Aug/2025:11:58:06 +0000] \"GET /health HTTP/1.1\" 200 59 \"-\" \"-\"\n"}
{"level":"info","message":"::1 - - [12/Aug/2025:11:58:36 +0000] \"GET /health HTTP/1.1\" 200 59 \"-\" \"-\"\n"}
{"level":"info","message":"::1 - - [12/Aug/2025:11:59:07 +0000] \"GET /health HTTP/1.1\" 200 59 \"-\" \"-\"\n"}
{"level":"info","message":"::1 - - [12/Aug/2025:11:59:37 +0000] \"GET /health HTTP/1.1\" 200 59 \"-\" \"-\"\n"}
{"level":"info","message":"::1 - - [12/Aug/2025:12:00:07 +0000] \"GET /health HTTP/1.1\" 200 59 \"-\" \"-\"\n"}
{"level":"info","message":"::1 - - [12/Aug/2025:12:00:37 +0000] \"GET /health HTTP/1.1\" 200 59 \"-\" \"-\"\n"}
{"level":"info","message":"::1 - - [12/Aug/2025:12:01:07 +0000] \"GET /health HTTP/1.1\" 200 59 \"-\" \"-\"\n"}
{"level":"info","message":"::1 - - [12/Aug/2025:12:01:37 +0000] \"GET /health HTTP/1.1\" 200 59 \"-\" \"-\"\n"}
{"level":"info","message":"::1 - - [12/Aug/2025:12:02:07 +0000] \"GET /health HTTP/1.1\" 200 59 \"-\" \"-\"\n"}
{"level":"info","message":"::1 - - [12/Aug/2025:12:02:37 +0000] \"GET /health HTTP/1.1\" 200 59 \"-\" \"-\"\n"}
{"level":"info","message":"::1 - - [12/Aug/2025:12:03:07 +0000] \"GET /health HTTP/1.1\" 200 59 \"-\" \"-\"\n"}
{"level":"info","message":"::1 - - [12/Aug/2025:12:03:38 +0000] \"GET /health HTTP/1.1\" 200 59 \"-\" \"-\"\n"}
{"level":"info","message":"::1 - - [12/Aug/2025:12:04:08 +0000] \"GET /health HTTP/1.1\" 200 59 \"-\" \"-\"\n"}
{"level":"info","message":"::1 - - [12/Aug/2025:12:04:38 +0000] \"GET /health HTTP/1.1\" 200 59 \"-\" \"-\"\n"}
{"level":"info","message":"::1 - - [12/Aug/2025:12:05:08 +0000] \"GET /health HTTP/1.1\" 200 59 \"-\" \"-\"\n"}
{"level":"info","message":"::1 - - [12/Aug/2025:12:05:38 +0000] \"GET /health HTTP/1.1\" 200 59 \"-\" \"-\"\n"}
{"level":"info","message":"::1 - - [12/Aug/2025:12:06:08 +0000] \"GET /health HTTP/1.1\" 200 59 \"-\" \"-\"\n"}
{"level":"info","message":"::1 - - [12/Aug/2025:12:06:38 +0000] \"GET /health HTTP/1.1\" 200 59 \"-\" \"-\"\n"}
{"level":"info","message":"::1 - - [12/Aug/2025:12:07:08 +0000] \"GET /health HTTP/1.1\" 200 59 \"-\" \"-\"\n"}
{"level":"info","message":"::1 - - [12/Aug/2025:12:07:38 +0000] \"GET /health HTTP/1.1\" 200 59 \"-\" \"-\"\n"}
{"level":"info","message":"::1 - - [12/Aug/2025:12:08:09 +0000] \"GET /health HTTP/1.1\" 200 59 \"-\" \"-\"\n"}
{"level":"info","message":"::1 - - [12/Aug/2025:12:08:39 +0000] \"GET /health HTTP/1.1\" 200 59 \"-\" \"-\"\n"}
{"level":"info","message":"::1 - - [12/Aug/2025:12:09:09 +0000] \"GET /health HTTP/1.1\" 200 59 \"-\" \"-\"\n"}
{"level":"info","message":"::1 - - [12/Aug/2025:12:09:39 +0000] \"GET /health HTTP/1.1\" 200 59 \"-\" \"-\"\n"}
{"level":"info","message":"::1 - - [12/Aug/2025:12:10:09 +0000] \"GET /health HTTP/1.1\" 200 59 \"-\" \"-\"\n"}
{"level":"info","message":"::1 - - [12/Aug/2025:12:10:39 +0000] \"GET /health HTTP/1.1\" 200 59 \"-\" \"-\"\n"}
{"level":"info","message":"::1 - - [12/Aug/2025:12:11:09 +0000] \"GET /health HTTP/1.1\" 200 59 \"-\" \"-\"\n"}
{"level":"info","message":"::1 - - [12/Aug/2025:12:11:39 +0000] \"GET /health HTTP/1.1\" 200 59 \"-\" \"-\"\n"}
{"level":"info","message":"::1 - - [12/Aug/2025:12:12:09 +0000] \"GET /health HTTP/1.1\" 200 59 \"-\" \"-\"\n"}
{"level":"info","message":"::1 - - [12/Aug/2025:12:12:40 +0000] \"GET /health HTTP/1.1\" 200 59 \"-\" \"-\"\n"}
{"level":"info","message":"::1 - - [12/Aug/2025:12:13:10 +0000] \"GET /health HTTP/1.1\" 200 59 \"-\" \"-\"\n"}
{"level":"info","message":"::1 - - [12/Aug/2025:12:13:40 +0000] \"GET /health HTTP/1.1\" 200 59 \"-\" \"-\"\n"}
{"level":"info","message":"::1 - - [12/Aug/2025:12:14:10 +0000] \"GET /health HTTP/1.1\" 200 59 \"-\" \"-\"\n"}
{"level":"info","message":"::1 - - [12/Aug/2025:12:14:40 +0000] \"GET /health HTTP/1.1\" 200 59 \"-\" \"-\"\n"}
{"level":"info","message":"::1 - - [12/Aug/2025:12:15:10 +0000] \"GET /health HTTP/1.1\" 200 59 \"-\" \"-\"\n"}
{"level":"info","message":"::1 - - [12/Aug/2025:12:15:40 +0000] \"GET /health HTTP/1.1\" 200 59 \"-\" \"-\"\n"}
{"level":"info","message":"::1 - - [12/Aug/2025:12:16:10 +0000] \"GET /health HTTP/1.1\" 200 59 \"-\" \"-\"\n"}
{"level":"info","message":"::1 - - [12/Aug/2025:12:16:40 +0000] \"GET /health HTTP/1.1\" 200 59 \"-\" \"-\"\n"}
{"level":"info","message":"::1 - - [12/Aug/2025:12:17:10 +0000] \"GET /health HTTP/1.1\" 200 59 \"-\" \"-\"\n"}
{"level":"info","message":"::1 - - [12/Aug/2025:12:17:41 +0000] \"GET /health HTTP/1.1\" 200 59 \"-\" \"-\"\n"}
{"level":"info","message":"::1 - - [12/Aug/2025:12:18:11 +0000] \"GET /health HTTP/1.1\" 200 59 \"-\" \"-\"\n"}
{"level":"info","message":"::1 - - [12/Aug/2025:12:18:41 +0000] \"GET /health HTTP/1.1\" 200 59 \"-\" \"-\"\n"}
{"level":"info","message":"::1 - - [12/Aug/2025:12:19:11 +0000] \"GET /health HTTP/1.1\" 200 59 \"-\" \"-\"\n"}
{"level":"info","message":"::1 - - [12/Aug/2025:12:19:41 +0000] \"GET /health HTTP/1.1\" 200 59 \"-\" \"-\"\n"}
{"level":"info","message":"::1 - - [12/Aug/2025:12:20:11 +0000] \"GET /health HTTP/1.1\" 200 59 \"-\" \"-\"\n"}
{"level":"info","message":"::1 - - [12/Aug/2025:12:20:41 +0000] \"GET /health HTTP/1.1\" 200 59 \"-\" \"-\"\n"}
{"level":"info","message":"::1 - - [12/Aug/2025:12:21:11 +0000] \"GET /health HTTP/1.1\" 200 59 \"-\" \"-\"\n"}
{"level":"info","message":"::1 - - [12/Aug/2025:12:21:41 +0000] \"GET /health HTTP/1.1\" 200 59 \"-\" \"-\"\n"}
{"level":"info","message":"::1 - - [12/Aug/2025:12:22:11 +0000] \"GET /health HTTP/1.1\" 200 59 \"-\" \"-\"\n"}
{"level":"info","message":"::1 - - [12/Aug/2025:12:22:42 +0000] \"GET /health HTTP/1.1\" 200 59 \"-\" \"-\"\n"}
{"level":"info","message":"::1 - - [12/Aug/2025:12:23:12 +0000] \"GET /health HTTP/1.1\" 200 59 \"-\" \"-\"\n"}
{"level":"info","message":"::1 - - [12/Aug/2025:12:23:42 +0000] \"GET /health HTTP/1.1\" 200 59 \"-\" \"-\"\n"}
{"level":"info","message":"::1 - - [12/Aug/2025:12:24:12 +0000] \"GET /health HTTP/1.1\" 200 59 \"-\" \"-\"\n"}
{"level":"info","message":"::1 - - [12/Aug/2025:12:24:42 +0000] \"GET /health HTTP/1.1\" 200 59 \"-\" \"-\"\n"}
{"level":"info","message":"::1 - - [12/Aug/2025:12:25:12 +0000] \"GET /health HTTP/1.1\" 200 59 \"-\" \"-\"\n"}
{"level":"info","message":"::1 - - [12/Aug/2025:12:25:42 +0000] \"GET /health HTTP/1.1\" 200 59 \"-\" \"-\"\n"}
{"level":"info","message":"::1 - - [12/Aug/2025:12:26:12 +0000] \"GET /health HTTP/1.1\" 200 59 \"-\" \"-\"\n"}
{"level":"info","message":"::1 - - [12/Aug/2025:12:26:43 +0000] \"GET /health HTTP/1.1\" 200 59 \"-\" \"-\"\n"}
{"level":"info","message":"::1 - - [12/Aug/2025:12:27:13 +0000] \"GET /health HTTP/1.1\" 200 59 \"-\" \"-\"\n"}
{"level":"info","message":"::1 - - [12/Aug/2025:12:27:43 +0000] \"GET /health HTTP/1.1\" 200 59 \"-\" \"-\"\n"}
{"level":"info","message":"::1 - - [12/Aug/2025:12:28:13 +0000] \"GET /health HTTP/1.1\" 200 59 \"-\" \"-\"\n"}
{"level":"info","message":"::1 - - [12/Aug/2025:12:28:43 +0000] \"GET /health HTTP/1.1\" 200 59 \"-\" \"-\"\n"}
{"level":"info","message":"::1 - - [12/Aug/2025:12:29:13 +0000] \"GET /health HTTP/1.1\" 200 59 \"-\" \"-\"\n"}
{"level":"info","message":"::1 - - [12/Aug/2025:12:29:43 +0000] \"GET /health HTTP/1.1\" 200 59 \"-\" \"-\"\n"}
{"level":"info","message":"::1 - - [12/Aug/2025:12:30:13 +0000] \"GET /health HTTP/1.1\" 200 59 \"-\" \"-\"\n"}
{"level":"info","message":"::1 - - [12/Aug/2025:12:30:44 +0000] \"GET /health HTTP/1.1\" 200 59 \"-\" \"-\"\n"}
{"level":"info","message":"::1 - - [12/Aug/2025:12:31:14 +0000] \"GET /health HTTP/1.1\" 200 59 \"-\" \"-\"\n"}
{"level":"info","message":"::1 - - [12/Aug/2025:12:31:44 +0000] \"GET /health HTTP/1.1\" 200 59 \"-\" \"-\"\n"}
{"level":"info","message":"::1 - - [12/Aug/2025:12:32:14 +0000] \"GET /health HTTP/1.1\" 200 59 \"-\" \"-\"\n"}
{"level":"info","message":"::1 - - [12/Aug/2025:12:32:44 +0000] \"GET /health HTTP/1.1\" 200 59 \"-\" \"-\"\n"}
{"level":"info","message":"::1 - - [12/Aug/2025:12:33:14 +0000] \"GET /health HTTP/1.1\" 200 59 \"-\" \"-\"\n"}
{"level":"info","message":"::1 - - [12/Aug/2025:12:33:44 +0000] \"GET /health HTTP/1.1\" 200 59 \"-\" \"-\"\n"}
{"level":"info","message":"::1 - - [12/Aug/2025:12:34:15 +0000] \"GET /health HTTP/1.1\" 200 59 \"-\" \"-\"\n"}
{"level":"info","message":"::1 - - [12/Aug/2025:12:34:45 +0000] \"GET /health HTTP/1.1\" 200 59 \"-\" \"-\"\n"}
{"level":"info","message":"::1 - - [12/Aug/2025:12:35:15 +0000] \"GET /health HTTP/1.1\" 200 59 \"-\" \"-\"\n"}
{"level":"info","message":"::1 - - [12/Aug/2025:12:35:45 +0000] \"GET /health HTTP/1.1\" 200 59 \"-\" \"-\"\n"}
{"level":"info","message":"::1 - - [12/Aug/2025:12:36:15 +0000] \"GET /health HTTP/1.1\" 200 59 \"-\" \"-\"\n"}
{"level":"info","message":"::1 - - [12/Aug/2025:12:36:45 +0000] \"GET /health HTTP/1.1\" 200 59 \"-\" \"-\"\n"}
{"level":"info","message":"::1 - - [12/Aug/2025:12:37:15 +0000] \"GET /health HTTP/1.1\" 200 59 \"-\" \"-\"\n"}
{"level":"info","message":"::1 - - [12/Aug/2025:12:37:45 +0000] \"GET /health HTTP/1.1\" 200 59 \"-\" \"-\"\n"}
{"level":"info","message":"::1 - - [12/Aug/2025:12:38:16 +0000] \"GET /health HTTP/1.1\" 200 59 \"-\" \"-\"\n"}
{"level":"info","message":"::1 - - [12/Aug/2025:12:38:46 +0000] \"GET /health HTTP/1.1\" 200 59 \"-\" \"-\"\n"}
{"level":"info","message":"::1 - - [12/Aug/2025:12:39:16 +0000] \"GET /health HTTP/1.1\" 200 59 \"-\" \"-\"\n"}
{"level":"info","message":"::1 - - [12/Aug/2025:12:39:46 +0000] \"GET /health HTTP/1.1\" 200 59 \"-\" \"-\"\n"}
{"level":"info","message":"::1 - - [12/Aug/2025:12:40:16 +0000] \"GET /health HTTP/1.1\" 200 59 \"-\" \"-\"\n"}
{"level":"info","message":"::1 - - [12/Aug/2025:12:40:46 +0000] \"GET /health HTTP/1.1\" 200 59 \"-\" \"-\"\n"}
{"level":"info","message":"::1 - - [12/Aug/2025:12:41:16 +0000] \"GET /health HTTP/1.1\" 200 59 \"-\" \"-\"\n"}
{"level":"info","message":"::1 - - [12/Aug/2025:12:41:46 +0000] \"GET /health HTTP/1.1\" 200 59 \"-\" \"-\"\n"}
{"level":"info","message":"::1 - - [12/Aug/2025:12:42:16 +0000] \"GET /health HTTP/1.1\" 200 59 \"-\" \"-\"\n"}
{"level":"info","message":"::1 - - [12/Aug/2025:12:42:47 +0000] \"GET /health HTTP/1.1\" 200 59 \"-\" \"-\"\n"}
{"level":"info","message":"::1 - - [12/Aug/2025:12:43:17 +0000] \"GET /health HTTP/1.1\" 200 59 \"-\" \"-\"\n"}
{"level":"info","message":"::1 - - [12/Aug/2025:12:43:47 +0000] \"GET /health HTTP/1.1\" 200 59 \"-\" \"-\"\n"}
{"level":"info","message":"::1 - - [12/Aug/2025:12:44:17 +0000] \"GET /health HTTP/1.1\" 200 59 \"-\" \"-\"\n"}
{"level":"info","message":"::1 - - [12/Aug/2025:12:44:47 +0000] \"GET /health HTTP/1.1\" 200 59 \"-\" \"-\"\n"}
{"level":"info","message":"::1 - - [12/Aug/2025:12:45:17 +0000] \"GET /health HTTP/1.1\" 200 59 \"-\" \"-\"\n"}
{"level":"info","message":"::1 - - [12/Aug/2025:12:45:47 +0000] \"GET /health HTTP/1.1\" 200 59 \"-\" \"-\"\n"}
{"level":"info","message":"::1 - - [12/Aug/2025:12:46:17 +0000] \"GET /health HTTP/1.1\" 200 59 \"-\" \"-\"\n"}
{"level":"info","message":"::1 - - [12/Aug/2025:12:46:47 +0000] \"GET /health HTTP/1.1\" 200 59 \"-\" \"-\"\n"}
{"level":"info","message":"::1 - - [12/Aug/2025:12:47:18 +0000] \"GET /health HTTP/1.1\" 200 59 \"-\" \"-\"\n"}
{"level":"info","message":"::1 - - [12/Aug/2025:12:47:48 +0000] \"GET /health HTTP/1.1\" 200 59 \"-\" \"-\"\n"}
{"level":"info","message":"::1 - - [12/Aug/2025:12:48:18 +0000] \"GET /health HTTP/1.1\" 200 59 \"-\" \"-\"\n"}
{"level":"info","message":"::1 - - [12/Aug/2025:12:48:48 +0000] \"GET /health HTTP/1.1\" 200 59 \"-\" \"-\"\n"}
{"level":"info","message":"::1 - - [12/Aug/2025:12:49:18 +0000] \"GET /health HTTP/1.1\" 200 59 \"-\" \"-\"\n"}
{"level":"info","message":"::1 - - [12/Aug/2025:12:49:48 +0000] \"GET /health HTTP/1.1\" 200 59 \"-\" \"-\"\n"}
{"level":"info","message":"::1 - - [12/Aug/2025:12:50:18 +0000] \"GET /health HTTP/1.1\" 200 59 \"-\" \"-\"\n"}
{"level":"info","message":"::1 - - [12/Aug/2025:12:50:48 +0000] \"GET /health HTTP/1.1\" 200 59 \"-\" \"-\"\n"}
{"level":"info","message":"::1 - - [12/Aug/2025:12:51:18 +0000] \"GET /health HTTP/1.1\" 200 59 \"-\" \"-\"\n"}
{"level":"info","message":"::1 - - [12/Aug/2025:12:51:49 +0000] \"GET /health HTTP/1.1\" 200 59 \"-\" \"-\"\n"}
{"level":"info","message":"::1 - - [12/Aug/2025:12:52:19 +0000] \"GET /health HTTP/1.1\" 200 59 \"-\" \"-\"\n"}
{"level":"info","message":"::1 - - [12/Aug/2025:12:52:49 +0000] \"GET /health HTTP/1.1\" 200 59 \"-\" \"-\"\n"}
{"level":"info","message":"::1 - - [12/Aug/2025:12:53:19 +0000] \"GET /health HTTP/1.1\" 200 59 \"-\" \"-\"\n"}
{"level":"info","message":"::1 - - [12/Aug/2025:12:53:49 +0000] \"GET /health HTTP/1.1\" 200 59 \"-\" \"-\"\n"}
{"level":"info","message":"::1 - - [12/Aug/2025:12:54:19 +0000] \"GET /health HTTP/1.1\" 200 59 \"-\" \"-\"\n"}
{"level":"info","message":"::1 - - [12/Aug/2025:12:54:49 +0000] \"GET /health HTTP/1.1\" 200 59 \"-\" \"-\"\n"}
{"level":"info","message":"::1 - - [12/Aug/2025:12:55:19 +0000] \"GET /health HTTP/1.1\" 200 59 \"-\" \"-\"\n"}
{"level":"info","message":"::1 - - [12/Aug/2025:12:55:49 +0000] \"GET /health HTTP/1.1\" 200 59 \"-\" \"-\"\n"}
{"level":"info","message":"::1 - - [12/Aug/2025:12:56:19 +0000] \"GET /health HTTP/1.1\" 200 59 \"-\" \"-\"\n"}
{"level":"info","message":"::1 - - [12/Aug/2025:12:56:50 +0000] \"GET /health HTTP/1.1\" 200 59 \"-\" \"-\"\n"}
{"level":"info","message":"::1 - - [12/Aug/2025:12:57:20 +0000] \"GET /health HTTP/1.1\" 200 59 \"-\" \"-\"\n"}
{"level":"info","message":"::1 - - [12/Aug/2025:12:57:50 +0000] \"GET /health HTTP/1.1\" 200 59 \"-\" \"-\"\n"}
{"level":"info","message":"::1 - - [12/Aug/2025:12:58:20 +0000] \"GET /health HTTP/1.1\" 200 59 \"-\" \"-\"\n"}
{"level":"info","message":"::1 - - [12/Aug/2025:12:58:50 +0000] \"GET /health HTTP/1.1\" 200 59 \"-\" \"-\"\n"}
{"level":"info","message":"::1 - - [12/Aug/2025:12:59:20 +0000] \"GET /health HTTP/1.1\" 200 59 \"-\" \"-\"\n"}
{"level":"info","message":"::1 - - [12/Aug/2025:12:59:50 +0000] \"GET /health HTTP/1.1\" 200 59 \"-\" \"-\"\n"}
{"level":"info","message":"::1 - - [12/Aug/2025:13:00:20 +0000] \"GET /health HTTP/1.1\" 200 59 \"-\" \"-\"\n"}
{"level":"info","message":"::1 - - [12/Aug/2025:13:00:51 +0000] \"GET /health HTTP/1.1\" 200 59 \"-\" \"-\"\n"}
{"level":"info","message":"::1 - - [12/Aug/2025:13:01:21 +0000] \"GET /health HTTP/1.1\" 200 59 \"-\" \"-\"\n"}
{"level":"info","message":"::1 - - [12/Aug/2025:13:01:51 +0000] \"GET /health HTTP/1.1\" 200 59 \"-\" \"-\"\n"}
{"level":"info","message":"::1 - - [12/Aug/2025:13:02:21 +0000] \"GET /health HTTP/1.1\" 200 59 \"-\" \"-\"\n"}
{"level":"info","message":"::1 - - [12/Aug/2025:13:02:51 +0000] \"GET /health HTTP/1.1\" 200 59 \"-\" \"-\"\n"}
{"level":"info","message":"::1 - - [12/Aug/2025:13:03:21 +0000] \"GET /health HTTP/1.1\" 200 59 \"-\" \"-\"\n"}
{"level":"info","message":"::1 - - [12/Aug/2025:13:03:51 +0000] \"GET /health HTTP/1.1\" 200 59 \"-\" \"-\"\n"}
{"level":"info","message":"::1 - - [12/Aug/2025:13:04:21 +0000] \"GET /health HTTP/1.1\" 200 59 \"-\" \"-\"\n"}
{"level":"info","message":"::1 - - [12/Aug/2025:13:04:51 +0000] \"GET /health HTTP/1.1\" 200 59 \"-\" \"-\"\n"}
{"level":"info","message":"::1 - - [12/Aug/2025:13:05:21 +0000] \"GET /health HTTP/1.1\" 200 59 \"-\" \"-\"\n"}
{"level":"info","message":"::1 - - [12/Aug/2025:13:05:52 +0000] \"GET /health HTTP/1.1\" 200 59 \"-\" \"-\"\n"}
{"level":"info","message":"::1 - - [12/Aug/2025:13:06:22 +0000] \"GET /health HTTP/1.1\" 200 59 \"-\" \"-\"\n"}
{"level":"info","message":"::1 - - [12/Aug/2025:13:06:52 +0000] \"GET /health HTTP/1.1\" 200 59 \"-\" \"-\"\n"}
{"level":"info","message":"::1 - - [12/Aug/2025:13:07:22 +0000] \"GET /health HTTP/1.1\" 200 59 \"-\" \"-\"\n"}
{"level":"info","message":"::1 - - [12/Aug/2025:13:07:52 +0000] \"GET /health HTTP/1.1\" 200 59 \"-\" \"-\"\n"}
{"level":"info","message":"::1 - - [12/Aug/2025:17:02:23 +0000] \"GET /health HTTP/1.1\" 200 59 \"-\" \"-\"\n"}
{"level":"info","message":"::1 - - [12/Aug/2025:17:02:53 +0000] \"GET /health HTTP/1.1\" 200 59 \"-\" \"-\"\n"}
{"level":"info","message":"::1 - - [12/Aug/2025:17:03:23 +0000] \"GET /health HTTP/1.1\" 200 59 \"-\" \"-\"\n"}
{"level":"info","message":"::1 - - [12/Aug/2025:17:03:54 +0000] \"GET /health HTTP/1.1\" 200 59 \"-\" \"-\"\n"}
{"level":"info","message":"::1 - - [12/Aug/2025:17:04:24 +0000] \"GET /health HTTP/1.1\" 200 59 \"-\" \"-\"\n"}
{"level":"info","message":"::1 - - [12/Aug/2025:17:04:54 +0000] \"GET /health HTTP/1.1\" 200 59 \"-\" \"-\"\n"}
{"level":"info","message":"::1 - - [12/Aug/2025:17:05:24 +0000] \"GET /health HTTP/1.1\" 200 59 \"-\" \"-\"\n"}
{"level":"info","message":"::1 - - [12/Aug/2025:17:05:55 +0000] \"GET /health HTTP/1.1\" 200 59 \"-\" \"-\"\n"}
{"level":"info","message":"::1 - - [12/Aug/2025:17:06:25 +0000] \"GET /health HTTP/1.1\" 200 59 \"-\" \"-\"\n"}
{"level":"info","message":"::1 - - [12/Aug/2025:17:06:55 +0000] \"GET /health HTTP/1.1\" 200 59 \"-\" \"-\"\n"}
{"level":"info","message":"::1 - - [12/Aug/2025:17:07:25 +0000] \"GET /health HTTP/1.1\" 200 59 \"-\" \"-\"\n"}
{"level":"info","message":"::1 - - [12/Aug/2025:17:07:56 +0000] \"GET /health HTTP/1.1\" 200 59 \"-\" \"-\"\n"}
{"level":"info","message":"::1 - - [12/Aug/2025:17:08:26 +0000] \"GET /health HTTP/1.1\" 200 59 \"-\" \"-\"\n"}
{"level":"info","message":"::1 - - [12/Aug/2025:17:08:56 +0000] \"GET /health HTTP/1.1\" 200 59 \"-\" \"-\"\n"}
{"level":"info","message":"::1 - - [12/Aug/2025:17:09:27 +0000] \"GET /health HTTP/1.1\" 200 59 \"-\" \"-\"\n"}
{"level":"info","message":"::1 - - [12/Aug/2025:17:09:58 +0000] \"GET /health HTTP/1.1\" 200 59 \"-\" \"-\"\n"}
{"level":"info","message":"::1 - - [12/Aug/2025:17:10:28 +0000] \"GET /health HTTP/1.1\" 200 59 \"-\" \"-\"\n"}
{"level":"info","message":"::1 - - [12/Aug/2025:17:10:58 +0000] \"GET /health HTTP/1.1\" 200 59 \"-\" \"-\"\n"}
{"level":"info","message":"::1 - - [12/Aug/2025:17:11:29 +0000] \"GET /health HTTP/1.1\" 200 59 \"-\" \"-\"\n"}
{"level":"info","message":"::1 - - [12/Aug/2025:17:11:59 +0000] \"GET /health HTTP/1.1\" 200 59 \"-\" \"-\"\n"}
{"level":"info","message":"::1 - - [12/Aug/2025:17:12:30 +0000] \"GET /health HTTP/1.1\" 200 59 \"-\" \"-\"\n"}
{"level":"info","message":"::1 - - [12/Aug/2025:17:13:00 +0000] \"GET /health HTTP/1.1\" 200 59 \"-\" \"-\"\n"}
{"level":"info","message":"::1 - - [12/Aug/2025:17:13:30 +0000] \"GET /health HTTP/1.1\" 200 59 \"-\" \"-\"\n"}
{"level":"info","message":"::1 - - [12/Aug/2025:17:14:01 +0000] \"GET /health HTTP/1.1\" 200 59 \"-\" \"-\"\n"}
{"level":"info","message":"::1 - - [12/Aug/2025:17:14:31 +0000] \"GET /health HTTP/1.1\" 200 59 \"-\" \"-\"\n"}
{"level":"info","message":"::1 - - [12/Aug/2025:17:15:02 +0000] \"GET /health HTTP/1.1\" 200 59 \"-\" \"-\"\n"}
{"level":"info","message":"::1 - - [12/Aug/2025:17:15:32 +0000] \"GET /health HTTP/1.1\" 200 59 \"-\" \"-\"\n"}
{"level":"info","message":"::1 - - [12/Aug/2025:17:16:02 +0000] \"GET /health HTTP/1.1\" 200 59 \"-\" \"-\"\n"}
{"level":"info","message":"::1 - - [12/Aug/2025:17:16:33 +0000] \"GET /health HTTP/1.1\" 200 59 \"-\" \"-\"\n"}
{"level":"info","message":"::1 - - [12/Aug/2025:17:17:03 +0000] \"GET /health HTTP/1.1\" 200 59 \"-\" \"-\"\n"}
{"level":"info","message":"::1 - - [12/Aug/2025:17:17:33 +0000] \"GET /health HTTP/1.1\" 200 59 \"-\" \"-\"\n"}
{"level":"info","message":"::1 - - [12/Aug/2025:17:18:04 +0000] \"GET /health HTTP/1.1\" 200 59 \"-\" \"-\"\n"}
{"level":"info","message":"::1 - - [12/Aug/2025:17:18:34 +0000] \"GET /health HTTP/1.1\" 200 59 \"-\" \"-\"\n"}
{"level":"info","message":"::ffff:172.18.0.7 - - [12/Aug/2025:17:18:40 +0000] \"POST /auth/register HTTP/1.1\" 404 153 \"http://localhost/\" \"Mozilla/5.0 (Windows NT 10.0; Win64; x64) AppleWebKit/537.36 (KHTML, like Gecko) Chrome/138.0.0.0 Safari/537.36\"\n"}
{"level":"info","message":"::ffff:172.18.0.7 - - [12/Aug/2025:17:18:40 +0000] \"POST /auth/register HTTP/1.1\" 404 153 \"http://localhost/\" \"Mozilla/5.0 (Windows NT 10.0; Win64; x64) AppleWebKit/537.36 (KHTML, like Gecko) Chrome/138.0.0.0 Safari/537.36\"\n"}
{"level":"info","message":"::ffff:172.18.0.7 - - [12/Aug/2025:17:18:41 +0000] \"POST /auth/register HTTP/1.1\" 404 153 \"http://localhost/\" \"Mozilla/5.0 (Windows NT 10.0; Win64; x64) AppleWebKit/537.36 (KHTML, like Gecko) Chrome/138.0.0.0 Safari/537.36\"\n"}
{"level":"info","message":"::ffff:172.18.0.7 - - [12/Aug/2025:17:18:41 +0000] \"POST /auth/register HTTP/1.1\" 404 153 \"http://localhost/\" \"Mozilla/5.0 (Windows NT 10.0; Win64; x64) AppleWebKit/537.36 (KHTML, like Gecko) Chrome/138.0.0.0 Safari/537.36\"\n"}
{"level":"info","message":"::ffff:172.18.0.7 - - [12/Aug/2025:17:18:41 +0000] \"POST /auth/register HTTP/1.1\" 404 153 \"http://localhost/\" \"Mozilla/5.0 (Windows NT 10.0; Win64; x64) AppleWebKit/537.36 (KHTML, like Gecko) Chrome/138.0.0.0 Safari/537.36\"\n"}
{"level":"info","message":"::ffff:172.18.0.7 - - [12/Aug/2025:17:18:41 +0000] \"POST /auth/register HTTP/1.1\" 404 153 \"http://localhost/\" \"Mozilla/5.0 (Windows NT 10.0; Win64; x64) AppleWebKit/537.36 (KHTML, like Gecko) Chrome/138.0.0.0 Safari/537.36\"\n"}
{"level":"info","message":"::ffff:172.18.0.7 - - [12/Aug/2025:17:18:54 +0000] \"POST /auth/login HTTP/1.1\" 404 150 \"http://localhost/\" \"Mozilla/5.0 (Windows NT 10.0; Win64; x64) AppleWebKit/537.36 (KHTML, like Gecko) Chrome/138.0.0.0 Safari/537.36\"\n"}
{"level":"info","message":"::1 - - [12/Aug/2025:17:19:05 +0000] \"GET /health HTTP/1.1\" 200 59 \"-\" \"-\"\n"}
{"level":"info","message":"::1 - - [12/Aug/2025:17:19:35 +0000] \"GET /health HTTP/1.1\" 200 59 \"-\" \"-\"\n"}
{"level":"info","message":"::1 - - [12/Aug/2025:17:20:05 +0000] \"GET /health HTTP/1.1\" 200 59 \"-\" \"-\"\n"}
{"level":"info","message":"::1 - - [12/Aug/2025:17:20:36 +0000] \"GET /health HTTP/1.1\" 200 59 \"-\" \"-\"\n"}
{"level":"info","message":"::1 - - [12/Aug/2025:17:21:06 +0000] \"GET /health HTTP/1.1\" 200 59 \"-\" \"-\"\n"}
{"level":"info","message":"::1 - - [12/Aug/2025:17:21:36 +0000] \"GET /health HTTP/1.1\" 200 59 \"-\" \"-\"\n"}
{"level":"info","message":"::1 - - [12/Aug/2025:17:22:07 +0000] \"GET /health HTTP/1.1\" 200 59 \"-\" \"-\"\n"}
{"level":"info","message":"::1 - - [12/Aug/2025:17:22:37 +0000] \"GET /health HTTP/1.1\" 200 59 \"-\" \"-\"\n"}
{"level":"info","message":"::1 - - [12/Aug/2025:17:23:07 +0000] \"GET /health HTTP/1.1\" 200 59 \"-\" \"-\"\n"}
{"level":"info","message":"::1 - - [12/Aug/2025:17:23:39 +0000] \"GET /health HTTP/1.1\" 200 59 \"-\" \"-\"\n"}
{"level":"info","message":"::1 - - [12/Aug/2025:17:24:10 +0000] \"GET /health HTTP/1.1\" 200 59 \"-\" \"-\"\n"}
{"level":"info","message":"::1 - - [12/Aug/2025:17:24:41 +0000] \"GET /health HTTP/1.1\" 200 59 \"-\" \"-\"\n"}
{"level":"info","message":"::1 - - [12/Aug/2025:17:25:11 +0000] \"GET /health HTTP/1.1\" 200 59 \"-\" \"-\"\n"}
{"level":"info","message":"::1 - - [12/Aug/2025:17:25:41 +0000] \"GET /health HTTP/1.1\" 200 59 \"-\" \"-\"\n"}
{"level":"info","message":"::1 - - [12/Aug/2025:17:26:11 +0000] \"GET /health HTTP/1.1\" 200 59 \"-\" \"-\"\n"}
{"level":"info","message":"::1 - - [12/Aug/2025:17:26:42 +0000] \"GET /health HTTP/1.1\" 200 59 \"-\" \"-\"\n"}
{"level":"info","message":"::1 - - [12/Aug/2025:17:27:12 +0000] \"GET /health HTTP/1.1\" 200 59 \"-\" \"-\"\n"}
{"level":"info","message":"::1 - - [12/Aug/2025:17:27:42 +0000] \"GET /health HTTP/1.1\" 200 59 \"-\" \"-\"\n"}
{"level":"info","message":"::1 - - [12/Aug/2025:17:28:12 +0000] \"GET /health HTTP/1.1\" 200 59 \"-\" \"-\"\n"}
{"level":"info","message":"::1 - - [12/Aug/2025:17:28:43 +0000] \"GET /health HTTP/1.1\" 200 59 \"-\" \"-\"\n"}
{"level":"info","message":"::1 - - [12/Aug/2025:17:29:13 +0000] \"GET /health HTTP/1.1\" 200 59 \"-\" \"-\"\n"}
{"level":"info","message":"::1 - - [12/Aug/2025:17:29:43 +0000] \"GET /health HTTP/1.1\" 200 59 \"-\" \"-\"\n"}
{"level":"info","message":"::1 - - [12/Aug/2025:17:30:14 +0000] \"GET /health HTTP/1.1\" 200 59 \"-\" \"-\"\n"}
{"level":"info","message":"::1 - - [12/Aug/2025:17:30:45 +0000] \"GET /health HTTP/1.1\" 200 59 \"-\" \"-\"\n"}
{"level":"info","message":"::1 - - [12/Aug/2025:17:31:15 +0000] \"GET /health HTTP/1.1\" 200 59 \"-\" \"-\"\n"}
{"level":"info","message":"::1 - - [12/Aug/2025:17:31:47 +0000] \"GET /health HTTP/1.1\" 200 59 \"-\" \"-\"\n"}
{"level":"info","message":"::1 - - [12/Aug/2025:17:32:17 +0000] \"GET /health HTTP/1.1\" 200 59 \"-\" \"-\"\n"}
{"level":"info","message":"::1 - - [12/Aug/2025:17:32:47 +0000] \"GET /health HTTP/1.1\" 200 59 \"-\" \"-\"\n"}
{"level":"info","message":"::1 - - [12/Aug/2025:17:33:18 +0000] \"GET /health HTTP/1.1\" 200 59 \"-\" \"-\"\n"}
{"level":"info","message":"::1 - - [12/Aug/2025:17:33:49 +0000] \"GET /health HTTP/1.1\" 200 59 \"-\" \"-\"\n"}
{"level":"info","message":"::1 - - [12/Aug/2025:17:34:19 +0000] \"GET /health HTTP/1.1\" 200 59 \"-\" \"-\"\n"}
{"level":"info","message":"::1 - - [12/Aug/2025:17:34:49 +0000] \"GET /health HTTP/1.1\" 200 59 \"-\" \"-\"\n"}
{"level":"info","message":"::1 - - [12/Aug/2025:17:35:20 +0000] \"GET /health HTTP/1.1\" 200 59 \"-\" \"-\"\n"}
{"level":"info","message":"::1 - - [12/Aug/2025:18:44:36 +0000] \"GET /health HTTP/1.1\" 200 59 \"-\" \"-\"\n"}
{"level":"info","message":"::1 - - [12/Aug/2025:18:45:07 +0000] \"GET /health HTTP/1.1\" 200 59 \"-\" \"-\"\n"}
{"level":"info","message":"::1 - - [12/Aug/2025:18:45:37 +0000] \"GET /health HTTP/1.1\" 200 59 \"-\" \"-\"\n"}
{"level":"info","message":"::1 - - [12/Aug/2025:18:46:08 +0000] \"GET /health HTTP/1.1\" 200 59 \"-\" \"-\"\n"}
{"level":"info","message":"::1 - - [12/Aug/2025:18:46:38 +0000] \"GET /health HTTP/1.1\" 200 59 \"-\" \"-\"\n"}
{"level":"info","message":"::1 - - [12/Aug/2025:18:47:08 +0000] \"GET /health HTTP/1.1\" 200 59 \"-\" \"-\"\n"}
{"level":"info","message":"::1 - - [12/Aug/2025:18:47:38 +0000] \"GET /health HTTP/1.1\" 200 59 \"-\" \"-\"\n"}
{"level":"info","message":"::1 - - [12/Aug/2025:18:48:08 +0000] \"GET /health HTTP/1.1\" 200 59 \"-\" \"-\"\n"}
{"level":"info","message":"::1 - - [12/Aug/2025:18:48:39 +0000] \"GET /health HTTP/1.1\" 200 59 \"-\" \"-\"\n"}
{"level":"info","message":"::1 - - [12/Aug/2025:18:49:09 +0000] \"GET /health HTTP/1.1\" 200 59 \"-\" \"-\"\n"}
{"level":"info","message":"::1 - - [12/Aug/2025:18:49:39 +0000] \"GET /health HTTP/1.1\" 200 59 \"-\" \"-\"\n"}
{"level":"info","message":"::1 - - [12/Aug/2025:18:50:09 +0000] \"GET /health HTTP/1.1\" 200 59 \"-\" \"-\"\n"}
{"level":"info","message":"::1 - - [12/Aug/2025:18:50:39 +0000] \"GET /health HTTP/1.1\" 200 59 \"-\" \"-\"\n"}
{"level":"info","message":"::1 - - [12/Aug/2025:18:51:09 +0000] \"GET /health HTTP/1.1\" 200 59 \"-\" \"-\"\n"}
{"level":"info","message":"::1 - - [12/Aug/2025:18:51:39 +0000] \"GET /health HTTP/1.1\" 200 59 \"-\" \"-\"\n"}
{"level":"info","message":"::1 - - [12/Aug/2025:18:52:10 +0000] \"GET /health HTTP/1.1\" 200 59 \"-\" \"-\"\n"}
{"level":"info","message":"::1 - - [12/Aug/2025:18:52:40 +0000] \"GET /health HTTP/1.1\" 200 59 \"-\" \"-\"\n"}
{"level":"info","message":"::1 - - [12/Aug/2025:18:53:10 +0000] \"GET /health HTTP/1.1\" 200 59 \"-\" \"-\"\n"}
{"level":"info","message":"::1 - - [12/Aug/2025:18:53:40 +0000] \"GET /health HTTP/1.1\" 200 59 \"-\" \"-\"\n"}
{"level":"info","message":"::1 - - [12/Aug/2025:18:54:10 +0000] \"GET /health HTTP/1.1\" 200 59 \"-\" \"-\"\n"}
{"level":"info","message":"::1 - - [12/Aug/2025:18:54:40 +0000] \"GET /health HTTP/1.1\" 200 59 \"-\" \"-\"\n"}
{"level":"info","message":"::1 - - [12/Aug/2025:18:55:10 +0000] \"GET /health HTTP/1.1\" 200 59 \"-\" \"-\"\n"}
{"level":"info","message":"::1 - - [12/Aug/2025:18:55:40 +0000] \"GET /health HTTP/1.1\" 200 59 \"-\" \"-\"\n"}
{"level":"info","message":"::1 - - [12/Aug/2025:18:56:10 +0000] \"GET /health HTTP/1.1\" 200 59 \"-\" \"-\"\n"}
{"level":"info","message":"::1 - - [12/Aug/2025:18:56:41 +0000] \"GET /health HTTP/1.1\" 200 59 \"-\" \"-\"\n"}
{"level":"info","message":"::1 - - [12/Aug/2025:18:57:11 +0000] \"GET /health HTTP/1.1\" 200 59 \"-\" \"-\"\n"}
{"level":"info","message":"::1 - - [12/Aug/2025:18:57:41 +0000] \"GET /health HTTP/1.1\" 200 59 \"-\" \"-\"\n"}
{"level":"info","message":"::1 - - [12/Aug/2025:18:58:11 +0000] \"GET /health HTTP/1.1\" 200 59 \"-\" \"-\"\n"}
